2022-06-29 11:49:02.604 [ main ] - [ INFO  ] [ com.hm.moc.shop.ShopApplication : 55 ] - Starting ShopApplication using Java 1.8.0_322 on moc with PID 17268 (C:\Users\moc\Desktop\shop\target\classes started by moc in C:\Users\moc\Desktop\shop)
2022-06-29 11:49:02.619 [ main ] - [ INFO  ] [ com.hm.moc.shop.ShopApplication : 634 ] - No active profile set, falling back to 1 default profile: "default"
2022-06-29 11:49:04.480 [ main ] - [ INFO  ] [ o.s.boot.web.embedded.tomcat.TomcatWebServer : 108 ] - Tomcat initialized with port(s): 8080 (http)
2022-06-29 11:49:04.490 [ main ] - [ INFO  ] [ org.apache.coyote.http11.Http11NioProtocol : 173 ] - Initializing ProtocolHandler ["http-nio-8080"]
2022-06-29 11:49:04.491 [ main ] - [ INFO  ] [ org.apache.catalina.core.StandardService : 173 ] - Starting service [Tomcat]
2022-06-29 11:49:04.492 [ main ] - [ INFO  ] [ org.apache.catalina.core.StandardEngine : 173 ] - Starting Servlet engine: [Apache Tomcat/9.0.63]
2022-06-29 11:49:04.614 [ main ] - [ INFO  ] [ o.a.c.core.ContainerBase.[Tomcat].[localhost].[/] : 173 ] - Initializing Spring embedded WebApplicationContext
2022-06-29 11:49:04.615 [ main ] - [ INFO  ] [ o.s.b.w.s.c.ServletWebServerApplicationContext : 292 ] - Root WebApplicationContext: initialization completed in 1879 ms
2022-06-29 11:49:05.470 [ main ] - [ INFO  ] [ org.apache.coyote.http11.Http11NioProtocol : 173 ] - Starting ProtocolHandler ["http-nio-8080"]
2022-06-29 11:49:05.494 [ main ] - [ INFO  ] [ o.s.boot.web.embedded.tomcat.TomcatWebServer : 220 ] - Tomcat started on port(s): 8080 (http) with context path ''
2022-06-29 11:49:05.506 [ main ] - [ INFO  ] [ com.hm.moc.shop.ShopApplication : 61 ] - Started ShopApplication in 5.551 seconds (JVM running for 6.571)
2022-06-29 11:50:03.445 [ http-nio-8080-exec-2 ] - [ INFO  ] [ o.a.c.core.ContainerBase.[Tomcat].[localhost].[/] : 173 ] - Initializing Spring DispatcherServlet 'dispatcherServlet'
2022-06-29 11:50:03.448 [ http-nio-8080-exec-2 ] - [ INFO  ] [ org.springframework.web.servlet.DispatcherServlet : 525 ] - Initializing Servlet 'dispatcherServlet'
2022-06-29 11:50:03.449 [ http-nio-8080-exec-2 ] - [ DEBUG ] [ org.springframework.web.servlet.DispatcherServlet : 520 ] - Detected StandardServletMultipartResolver
2022-06-29 11:50:03.450 [ http-nio-8080-exec-2 ] - [ DEBUG ] [ org.springframework.web.servlet.DispatcherServlet : 544 ] - Detected AcceptHeaderLocaleResolver
2022-06-29 11:50:03.450 [ http-nio-8080-exec-2 ] - [ DEBUG ] [ org.springframework.web.servlet.DispatcherServlet : 569 ] - Detected FixedThemeResolver
2022-06-29 11:50:03.452 [ http-nio-8080-exec-2 ] - [ DEBUG ] [ org.springframework.web.servlet.DispatcherServlet : 719 ] - Detected org.springframework.web.servlet.view.DefaultRequestToViewNameTranslator@29c8c76d
2022-06-29 11:50:03.454 [ http-nio-8080-exec-2 ] - [ DEBUG ] [ org.springframework.web.servlet.DispatcherServlet : 783 ] - Detected org.springframework.web.servlet.support.SessionFlashMapManager@1c9ded73
2022-06-29 11:50:03.455 [ http-nio-8080-exec-2 ] - [ DEBUG ] [ org.springframework.web.servlet.DispatcherServlet : 542 ] - enableLoggingRequestDetails='false': request parameters and headers will be masked to prevent unsafe logging of potentially sensitive data
2022-06-29 11:50:03.455 [ http-nio-8080-exec-2 ] - [ INFO  ] [ org.springframework.web.servlet.DispatcherServlet : 547 ] - Completed initialization in 6 ms
2022-06-29 11:50:03.498 [ http-nio-8080-exec-2 ] - [ DEBUG ] [ org.springframework.web.servlet.DispatcherServlet : 119 ] - GET "/user/fandall?page=1&limit=10", parameters={masked}
2022-06-29 11:50:04.285 [ http-nio-8080-exec-2 ] - [ DEBUG ] [ org.springframework.web.servlet.DispatcherServlet : 1131 ] - Completed 200 OK
2022-06-29 11:56:13.603 [ http-nio-8080-exec-3 ] - [ DEBUG ] [ org.springframework.web.servlet.DispatcherServlet : 119 ] - GET "/user/fandall?page=1&limit=10", parameters={masked}
2022-06-29 11:56:13.630 [ http-nio-8080-exec-3 ] - [ DEBUG ] [ org.springframework.web.servlet.DispatcherServlet : 1131 ] - Completed 200 OK
2022-06-29 13:37:50.083 [ http-nio-8080-exec-5 ] - [ DEBUG ] [ org.springframework.web.servlet.DispatcherServlet : 119 ] - GET "/user/fandall?page=1&limit=10", parameters={masked}
2022-06-29 13:37:50.106 [ http-nio-8080-exec-5 ] - [ DEBUG ] [ org.springframework.web.servlet.DispatcherServlet : 1131 ] - Completed 200 OK
2022-06-29 13:41:33.714 [ http-nio-8080-exec-7 ] - [ DEBUG ] [ org.springframework.web.servlet.DispatcherServlet : 119 ] - GET "/user/fandall?page=1&limit=10", parameters={masked}
2022-06-29 13:41:33.733 [ http-nio-8080-exec-7 ] - [ DEBUG ] [ org.springframework.web.servlet.DispatcherServlet : 1131 ] - Completed 200 OK
2022-06-29 13:42:18.209 [ http-nio-8080-exec-9 ] - [ DEBUG ] [ org.springframework.web.servlet.DispatcherServlet : 119 ] - GET "/user/fandall?page=1&limit=10", parameters={masked}
2022-06-29 13:42:18.243 [ http-nio-8080-exec-9 ] - [ DEBUG ] [ org.springframework.web.servlet.DispatcherServlet : 1131 ] - Completed 200 OK
2022-06-29 13:42:18.263 [ http-nio-8080-exec-10 ] - [ DEBUG ] [ org.springframework.web.servlet.DispatcherServlet : 119 ] - GET "/user/fandall?page=1&limit=10", parameters={masked}
2022-06-29 13:42:18.293 [ http-nio-8080-exec-10 ] - [ DEBUG ] [ org.springframework.web.servlet.DispatcherServlet : 1131 ] - Completed 200 OK
2022-06-29 13:42:18.430 [ http-nio-8080-exec-2 ] - [ DEBUG ] [ org.springframework.web.servlet.DispatcherServlet : 119 ] - GET "/user/fandall?page=1&limit=10", parameters={masked}
2022-06-29 13:42:18.542 [ http-nio-8080-exec-2 ] - [ DEBUG ] [ org.springframework.web.servlet.DispatcherServlet : 1131 ] - Completed 200 OK
2022-06-29 13:43:48.670 [ http-nio-8080-exec-3 ] - [ DEBUG ] [ org.springframework.web.servlet.DispatcherServlet : 119 ] - GET "/user/fandall?page=1&limit=10", parameters={masked}
2022-06-29 13:43:48.689 [ http-nio-8080-exec-3 ] - [ DEBUG ] [ org.springframework.web.servlet.DispatcherServlet : 1131 ] - Completed 200 OK
2022-06-29 13:43:48.755 [ http-nio-8080-exec-4 ] - [ DEBUG ] [ org.springframework.web.servlet.DispatcherServlet : 119 ] - GET "/user/fandall?page=1&limit=10", parameters={masked}
2022-06-29 13:43:48.774 [ http-nio-8080-exec-4 ] - [ DEBUG ] [ org.springframework.web.servlet.DispatcherServlet : 1131 ] - Completed 200 OK
2022-06-29 13:43:48.989 [ http-nio-8080-exec-5 ] - [ DEBUG ] [ org.springframework.web.servlet.DispatcherServlet : 119 ] - GET "/user/fandall?page=1&limit=10", parameters={masked}
2022-06-29 13:43:49.006 [ http-nio-8080-exec-5 ] - [ DEBUG ] [ org.springframework.web.servlet.DispatcherServlet : 1131 ] - Completed 200 OK
2022-06-29 13:43:49.299 [ http-nio-8080-exec-6 ] - [ DEBUG ] [ org.springframework.web.servlet.DispatcherServlet : 119 ] - GET "/user/fandall?page=1&limit=10", parameters={masked}
2022-06-29 13:43:49.369 [ http-nio-8080-exec-6 ] - [ DEBUG ] [ org.springframework.web.servlet.DispatcherServlet : 1131 ] - Completed 200 OK
2022-06-29 13:43:49.372 [ http-nio-8080-exec-7 ] - [ DEBUG ] [ org.springframework.web.servlet.DispatcherServlet : 119 ] - GET "/user/fandall?page=1&limit=10", parameters={masked}
2022-06-29 13:43:49.388 [ http-nio-8080-exec-7 ] - [ DEBUG ] [ org.springframework.web.servlet.DispatcherServlet : 1131 ] - Completed 200 OK
2022-06-29 13:43:49.520 [ http-nio-8080-exec-8 ] - [ DEBUG ] [ org.springframework.web.servlet.DispatcherServlet : 119 ] - GET "/user/fandall?page=1&limit=10", parameters={masked}
2022-06-29 13:43:49.538 [ http-nio-8080-exec-8 ] - [ DEBUG ] [ org.springframework.web.servlet.DispatcherServlet : 1131 ] - Completed 200 OK
2022-06-29 13:48:11.316 [ http-nio-8080-exec-10 ] - [ DEBUG ] [ org.springframework.web.servlet.DispatcherServlet : 119 ] - GET "/user/fandall?page=1&limit=10", parameters={masked}
2022-06-29 13:48:11.337 [ http-nio-8080-exec-10 ] - [ DEBUG ] [ org.springframework.web.servlet.DispatcherServlet : 1131 ] - Completed 200 OK
2022-06-29 13:48:11.342 [ http-nio-8080-exec-2 ] - [ DEBUG ] [ org.springframework.web.servlet.DispatcherServlet : 119 ] - GET "/user/fandall?page=1&limit=10", parameters={masked}
2022-06-29 13:48:11.358 [ http-nio-8080-exec-2 ] - [ DEBUG ] [ org.springframework.web.servlet.DispatcherServlet : 1131 ] - Completed 200 OK
2022-06-29 13:48:11.797 [ http-nio-8080-exec-1 ] - [ DEBUG ] [ org.springframework.web.servlet.DispatcherServlet : 119 ] - GET "/user/fandall?page=1&limit=10", parameters={masked}
2022-06-29 13:48:11.818 [ http-nio-8080-exec-1 ] - [ DEBUG ] [ org.springframework.web.servlet.DispatcherServlet : 1131 ] - Completed 200 OK
2022-06-29 13:48:11.903 [ http-nio-8080-exec-3 ] - [ DEBUG ] [ org.springframework.web.servlet.DispatcherServlet : 119 ] - GET "/user/fandall?page=1&limit=10", parameters={masked}
2022-06-29 13:48:11.922 [ http-nio-8080-exec-3 ] - [ DEBUG ] [ org.springframework.web.servlet.DispatcherServlet : 1131 ] - Completed 200 OK
2022-06-29 13:48:14.674 [ http-nio-8080-exec-4 ] - [ DEBUG ] [ org.springframework.web.servlet.DispatcherServlet : 119 ] - GET "/user/fandall?page=1&limit=10", parameters={masked}
2022-06-29 13:48:14.691 [ http-nio-8080-exec-4 ] - [ DEBUG ] [ org.springframework.web.servlet.DispatcherServlet : 1131 ] - Completed 200 OK
2022-06-29 13:48:30.075 [ http-nio-8080-exec-6 ] - [ DEBUG ] [ org.springframework.web.servlet.DispatcherServlet : 119 ] - GET "/user/fandall?page=1&limit=10", parameters={masked}
2022-06-29 13:48:30.090 [ http-nio-8080-exec-6 ] - [ DEBUG ] [ org.springframework.web.servlet.DispatcherServlet : 1131 ] - Completed 200 OK
2022-06-29 13:48:30.114 [ http-nio-8080-exec-7 ] - [ DEBUG ] [ org.springframework.web.servlet.DispatcherServlet : 119 ] - GET "/user/fandall?page=1&limit=10", parameters={masked}
2022-06-29 13:48:30.128 [ http-nio-8080-exec-7 ] - [ DEBUG ] [ org.springframework.web.servlet.DispatcherServlet : 1131 ] - Completed 200 OK
2022-06-29 13:48:30.191 [ http-nio-8080-exec-8 ] - [ DEBUG ] [ org.springframework.web.servlet.DispatcherServlet : 119 ] - GET "/user/fandall?page=1&limit=10", parameters={masked}
2022-06-29 13:48:30.206 [ http-nio-8080-exec-8 ] - [ DEBUG ] [ org.springframework.web.servlet.DispatcherServlet : 1131 ] - Completed 200 OK
2022-06-29 13:48:30.604 [ http-nio-8080-exec-9 ] - [ DEBUG ] [ org.springframework.web.servlet.DispatcherServlet : 119 ] - GET "/user/fandall?page=1&limit=10", parameters={masked}
2022-06-29 13:48:30.620 [ http-nio-8080-exec-9 ] - [ DEBUG ] [ org.springframework.web.servlet.DispatcherServlet : 1131 ] - Completed 200 OK
2022-06-29 13:48:30.650 [ http-nio-8080-exec-10 ] - [ DEBUG ] [ org.springframework.web.servlet.DispatcherServlet : 119 ] - GET "/user/fandall?page=1&limit=10", parameters={masked}
2022-06-29 13:48:30.662 [ http-nio-8080-exec-10 ] - [ DEBUG ] [ org.springframework.web.servlet.DispatcherServlet : 1131 ] - Completed 200 OK
2022-06-29 13:48:30.691 [ http-nio-8080-exec-2 ] - [ DEBUG ] [ org.springframework.web.servlet.DispatcherServlet : 119 ] - GET "/user/fandall?page=1&limit=10", parameters={masked}
2022-06-29 13:48:46.849 [ http-nio-8080-exec-1 ] - [ DEBUG ] [ org.springframework.web.servlet.DispatcherServlet : 119 ] - GET "/user/fandall?page=1&limit=10", parameters={masked}
2022-06-29 13:48:46.866 [ http-nio-8080-exec-1 ] - [ DEBUG ] [ org.springframework.web.servlet.DispatcherServlet : 1131 ] - Completed 200 OK
2022-06-29 13:48:46.888 [ http-nio-8080-exec-3 ] - [ DEBUG ] [ org.springframework.web.servlet.DispatcherServlet : 119 ] - GET "/user/fandall?page=1&limit=10", parameters={masked}
2022-06-29 13:48:46.904 [ http-nio-8080-exec-3 ] - [ DEBUG ] [ org.springframework.web.servlet.DispatcherServlet : 1131 ] - Completed 200 OK
2022-06-29 13:48:46.974 [ http-nio-8080-exec-4 ] - [ DEBUG ] [ org.springframework.web.servlet.DispatcherServlet : 119 ] - GET "/user/fandall?page=1&limit=10", parameters={masked}
2022-06-29 13:48:46.986 [ http-nio-8080-exec-4 ] - [ DEBUG ] [ org.springframework.web.servlet.DispatcherServlet : 1131 ] - Completed 200 OK
2022-06-29 13:48:47.295 [ http-nio-8080-exec-5 ] - [ DEBUG ] [ org.springframework.web.servlet.DispatcherServlet : 119 ] - GET "/user/fandall?page=1&limit=10", parameters={masked}
2022-06-29 13:48:47.309 [ http-nio-8080-exec-5 ] - [ DEBUG ] [ org.springframework.web.servlet.DispatcherServlet : 1131 ] - Completed 200 OK
2022-06-29 13:48:47.350 [ http-nio-8080-exec-6 ] - [ DEBUG ] [ org.springframework.web.servlet.DispatcherServlet : 119 ] - GET "/user/fandall?page=1&limit=10", parameters={masked}
2022-06-29 13:48:47.365 [ http-nio-8080-exec-6 ] - [ DEBUG ] [ org.springframework.web.servlet.DispatcherServlet : 1131 ] - Completed 200 OK
2022-06-29 13:48:47.398 [ http-nio-8080-exec-7 ] - [ DEBUG ] [ org.springframework.web.servlet.DispatcherServlet : 119 ] - GET "/user/fandall?page=1&limit=10", parameters={masked}
2022-06-29 13:48:50.726 [ http-nio-8080-exec-2 ] - [ DEBUG ] [ org.springframework.web.servlet.DispatcherServlet : 1131 ] - Completed 200 OK
2022-06-29 13:48:51.373 [ http-nio-8080-exec-8 ] - [ DEBUG ] [ org.springframework.web.servlet.DispatcherServlet : 119 ] - GET "/user/fandall?page=1&limit=10", parameters={masked}
2022-06-29 13:48:51.389 [ http-nio-8080-exec-8 ] - [ DEBUG ] [ org.springframework.web.servlet.DispatcherServlet : 1131 ] - Completed 200 OK
2022-06-29 13:49:07.414 [ http-nio-8080-exec-7 ] - [ DEBUG ] [ org.springframework.web.servlet.DispatcherServlet : 1131 ] - Completed 200 OK
2022-06-29 13:57:58.955 [ http-nio-8080-exec-10 ] - [ DEBUG ] [ org.springframework.web.servlet.DispatcherServlet : 119 ] - GET "/user/fandall?page=1&limit=10", parameters={masked}
2022-06-29 13:57:58.988 [ http-nio-8080-exec-10 ] - [ DEBUG ] [ org.springframework.web.servlet.DispatcherServlet : 1131 ] - Completed 200 OK
2022-06-29 13:57:59.014 [ http-nio-8080-exec-1 ] - [ DEBUG ] [ org.springframework.web.servlet.DispatcherServlet : 119 ] - GET "/user/fandall?page=1&limit=10", parameters={masked}
2022-06-29 13:57:59.028 [ http-nio-8080-exec-1 ] - [ DEBUG ] [ org.springframework.web.servlet.DispatcherServlet : 1131 ] - Completed 200 OK
2022-06-29 13:57:59.078 [ http-nio-8080-exec-3 ] - [ DEBUG ] [ org.springframework.web.servlet.DispatcherServlet : 119 ] - GET "/user/fandall?page=1&limit=10", parameters={masked}
2022-06-29 13:57:59.100 [ http-nio-8080-exec-3 ] - [ DEBUG ] [ org.springframework.web.servlet.DispatcherServlet : 1131 ] - Completed 200 OK
2022-06-29 13:57:59.391 [ http-nio-8080-exec-4 ] - [ DEBUG ] [ org.springframework.web.servlet.DispatcherServlet : 119 ] - GET "/user/fandall?page=1&limit=10", parameters={masked}
2022-06-29 13:57:59.412 [ http-nio-8080-exec-4 ] - [ DEBUG ] [ org.springframework.web.servlet.DispatcherServlet : 1131 ] - Completed 200 OK
2022-06-29 13:57:59.544 [ http-nio-8080-exec-5 ] - [ DEBUG ] [ org.springframework.web.servlet.DispatcherServlet : 119 ] - GET "/user/fandall?page=1&limit=10", parameters={masked}
2022-06-29 13:57:59.557 [ http-nio-8080-exec-5 ] - [ DEBUG ] [ org.springframework.web.servlet.DispatcherServlet : 1131 ] - Completed 200 OK
2022-06-29 13:57:59.565 [ http-nio-8080-exec-6 ] - [ DEBUG ] [ org.springframework.web.servlet.DispatcherServlet : 119 ] - GET "/user/fandall?page=1&limit=10", parameters={masked}
2022-06-29 13:57:59.587 [ http-nio-8080-exec-6 ] - [ DEBUG ] [ org.springframework.web.servlet.DispatcherServlet : 1131 ] - Completed 200 OK
2022-06-29 13:58:01.651 [ http-nio-8080-exec-2 ] - [ DEBUG ] [ org.springframework.web.servlet.DispatcherServlet : 119 ] - GET "/user/fandall?page=1&limit=10", parameters={masked}
2022-06-29 13:58:01.667 [ http-nio-8080-exec-2 ] - [ DEBUG ] [ org.springframework.web.servlet.DispatcherServlet : 1131 ] - Completed 200 OK
2022-06-29 13:58:31.745 [ http-nio-8080-exec-9 ] - [ DEBUG ] [ org.springframework.web.servlet.DispatcherServlet : 119 ] - GET "/user/fandall?page=1&limit=10", parameters={masked}
2022-06-29 13:58:31.763 [ http-nio-8080-exec-9 ] - [ DEBUG ] [ org.springframework.web.servlet.DispatcherServlet : 1131 ] - Completed 200 OK
2022-06-29 13:58:31.838 [ http-nio-8080-exec-7 ] - [ DEBUG ] [ org.springframework.web.servlet.DispatcherServlet : 119 ] - GET "/user/fandall?page=1&limit=10", parameters={masked}
2022-06-29 13:58:31.858 [ http-nio-8080-exec-7 ] - [ DEBUG ] [ org.springframework.web.servlet.DispatcherServlet : 1131 ] - Completed 200 OK
2022-06-29 13:58:31.999 [ http-nio-8080-exec-10 ] - [ DEBUG ] [ org.springframework.web.servlet.DispatcherServlet : 119 ] - GET "/user/fandall?page=1&limit=10", parameters={masked}
2022-06-29 13:58:32.026 [ http-nio-8080-exec-10 ] - [ DEBUG ] [ org.springframework.web.servlet.DispatcherServlet : 1131 ] - Completed 200 OK
2022-06-29 13:58:32.239 [ http-nio-8080-exec-1 ] - [ DEBUG ] [ org.springframework.web.servlet.DispatcherServlet : 119 ] - GET "/user/fandall?page=1&limit=10", parameters={masked}
2022-06-29 13:58:32.258 [ http-nio-8080-exec-1 ] - [ DEBUG ] [ org.springframework.web.servlet.DispatcherServlet : 1131 ] - Completed 200 OK
2022-06-29 13:58:32.271 [ http-nio-8080-exec-3 ] - [ DEBUG ] [ org.springframework.web.servlet.DispatcherServlet : 119 ] - GET "/user/fandall?page=1&limit=10", parameters={masked}
2022-06-29 13:58:32.292 [ http-nio-8080-exec-3 ] - [ DEBUG ] [ org.springframework.web.servlet.DispatcherServlet : 1131 ] - Completed 200 OK
2022-06-29 13:58:32.372 [ http-nio-8080-exec-4 ] - [ DEBUG ] [ org.springframework.web.servlet.DispatcherServlet : 119 ] - GET "/user/fandall?page=1&limit=10", parameters={masked}
2022-06-29 13:58:32.389 [ http-nio-8080-exec-4 ] - [ DEBUG ] [ org.springframework.web.servlet.DispatcherServlet : 1131 ] - Completed 200 OK
2022-06-29 13:58:32.645 [ http-nio-8080-exec-5 ] - [ DEBUG ] [ org.springframework.web.servlet.DispatcherServlet : 119 ] - GET "/user/fandall?page=1&limit=10", parameters={masked}
2022-06-29 13:58:32.656 [ http-nio-8080-exec-5 ] - [ DEBUG ] [ org.springframework.web.servlet.DispatcherServlet : 1131 ] - Completed 200 OK
2022-06-29 13:58:36.402 [ http-nio-8080-exec-6 ] - [ DEBUG ] [ org.springframework.web.servlet.DispatcherServlet : 119 ] - GET "/user/fandall?page=1&limit=10", parameters={masked}
2022-06-29 13:58:36.417 [ http-nio-8080-exec-6 ] - [ DEBUG ] [ org.springframework.web.servlet.DispatcherServlet : 1131 ] - Completed 200 OK
2022-06-29 13:59:08.025 [ http-nio-8080-exec-2 ] - [ DEBUG ] [ org.springframework.web.servlet.DispatcherServlet : 119 ] - GET "/user/fandall?page=1&limit=10", parameters={masked}
2022-06-29 13:59:08.050 [ http-nio-8080-exec-2 ] - [ DEBUG ] [ org.springframework.web.servlet.DispatcherServlet : 1131 ] - Completed 200 OK
2022-06-29 13:59:08.103 [ http-nio-8080-exec-8 ] - [ DEBUG ] [ org.springframework.web.servlet.DispatcherServlet : 119 ] - GET "/user/fandall?page=1&limit=10", parameters={masked}
2022-06-29 13:59:08.121 [ http-nio-8080-exec-8 ] - [ DEBUG ] [ org.springframework.web.servlet.DispatcherServlet : 1131 ] - Completed 200 OK
2022-06-29 13:59:08.381 [ http-nio-8080-exec-9 ] - [ DEBUG ] [ org.springframework.web.servlet.DispatcherServlet : 119 ] - GET "/user/fandall?page=1&limit=10", parameters={masked}
2022-06-29 13:59:08.393 [ http-nio-8080-exec-9 ] - [ DEBUG ] [ org.springframework.web.servlet.DispatcherServlet : 1131 ] - Completed 200 OK
2022-06-29 13:59:08.532 [ http-nio-8080-exec-7 ] - [ DEBUG ] [ org.springframework.web.servlet.DispatcherServlet : 119 ] - GET "/user/fandall?page=1&limit=10", parameters={masked}
2022-06-29 13:59:08.544 [ http-nio-8080-exec-7 ] - [ DEBUG ] [ org.springframework.web.servlet.DispatcherServlet : 1131 ] - Completed 200 OK
2022-06-29 13:59:08.615 [ http-nio-8080-exec-10 ] - [ DEBUG ] [ org.springframework.web.servlet.DispatcherServlet : 119 ] - GET "/user/fandall?page=1&limit=10", parameters={masked}
2022-06-29 13:59:08.626 [ http-nio-8080-exec-10 ] - [ DEBUG ] [ org.springframework.web.servlet.DispatcherServlet : 1131 ] - Completed 200 OK
2022-06-29 13:59:08.659 [ http-nio-8080-exec-1 ] - [ DEBUG ] [ org.springframework.web.servlet.DispatcherServlet : 119 ] - GET "/user/fandall?page=1&limit=10", parameters={masked}
2022-06-29 13:59:08.670 [ http-nio-8080-exec-1 ] - [ DEBUG ] [ org.springframework.web.servlet.DispatcherServlet : 1131 ] - Completed 200 OK
2022-06-29 13:59:08.829 [ http-nio-8080-exec-3 ] - [ DEBUG ] [ org.springframework.web.servlet.DispatcherServlet : 119 ] - GET "/user/fandall?page=1&limit=10", parameters={masked}
2022-06-29 13:59:08.842 [ http-nio-8080-exec-3 ] - [ DEBUG ] [ org.springframework.web.servlet.DispatcherServlet : 1131 ] - Completed 200 OK
2022-06-29 13:59:08.967 [ http-nio-8080-exec-4 ] - [ DEBUG ] [ org.springframework.web.servlet.DispatcherServlet : 119 ] - GET "/user/fandall?page=1&limit=10", parameters={masked}
2022-06-29 13:59:08.976 [ http-nio-8080-exec-4 ] - [ DEBUG ] [ org.springframework.web.servlet.DispatcherServlet : 1131 ] - Completed 200 OK
2022-06-29 13:59:14.436 [ http-nio-8080-exec-5 ] - [ DEBUG ] [ org.springframework.web.servlet.DispatcherServlet : 119 ] - GET "/user/fandall?page=1&limit=10", parameters={masked}
2022-06-29 13:59:14.451 [ http-nio-8080-exec-5 ] - [ DEBUG ] [ org.springframework.web.servlet.DispatcherServlet : 1131 ] - Completed 200 OK
2022-06-29 14:00:27.411 [ http-nio-8080-exec-2 ] - [ DEBUG ] [ org.springframework.web.servlet.DispatcherServlet : 119 ] - GET "/user/fandall?page=1&limit=10", parameters={masked}
2022-06-29 14:00:27.428 [ http-nio-8080-exec-2 ] - [ DEBUG ] [ org.springframework.web.servlet.DispatcherServlet : 1131 ] - Completed 200 OK
2022-06-29 14:00:27.442 [ http-nio-8080-exec-8 ] - [ DEBUG ] [ org.springframework.web.servlet.DispatcherServlet : 119 ] - GET "/user/fandall?page=1&limit=10", parameters={masked}
2022-06-29 14:00:27.456 [ http-nio-8080-exec-8 ] - [ DEBUG ] [ org.springframework.web.servlet.DispatcherServlet : 1131 ] - Completed 200 OK
2022-06-29 14:00:27.482 [ http-nio-8080-exec-9 ] - [ DEBUG ] [ org.springframework.web.servlet.DispatcherServlet : 119 ] - GET "/user/fandall?page=1&limit=10", parameters={masked}
2022-06-29 14:00:27.494 [ http-nio-8080-exec-9 ] - [ DEBUG ] [ org.springframework.web.servlet.DispatcherServlet : 1131 ] - Completed 200 OK
2022-06-29 14:00:27.568 [ http-nio-8080-exec-7 ] - [ DEBUG ] [ org.springframework.web.servlet.DispatcherServlet : 119 ] - GET "/user/fandall?page=1&limit=10", parameters={masked}
2022-06-29 14:00:27.589 [ http-nio-8080-exec-7 ] - [ DEBUG ] [ org.springframework.web.servlet.DispatcherServlet : 1131 ] - Completed 200 OK
2022-06-29 14:00:27.853 [ http-nio-8080-exec-10 ] - [ DEBUG ] [ org.springframework.web.servlet.DispatcherServlet : 119 ] - GET "/user/fandall?page=1&limit=10", parameters={masked}
2022-06-29 14:00:27.867 [ http-nio-8080-exec-10 ] - [ DEBUG ] [ org.springframework.web.servlet.DispatcherServlet : 1131 ] - Completed 200 OK
2022-06-29 14:00:27.901 [ http-nio-8080-exec-1 ] - [ DEBUG ] [ org.springframework.web.servlet.DispatcherServlet : 119 ] - GET "/user/fandall?page=1&limit=10", parameters={masked}
2022-06-29 14:00:27.915 [ http-nio-8080-exec-1 ] - [ DEBUG ] [ org.springframework.web.servlet.DispatcherServlet : 1131 ] - Completed 200 OK
2022-06-29 14:00:27.993 [ http-nio-8080-exec-3 ] - [ DEBUG ] [ org.springframework.web.servlet.DispatcherServlet : 119 ] - GET "/user/fandall?page=1&limit=10", parameters={masked}
2022-06-29 14:00:28.010 [ http-nio-8080-exec-3 ] - [ DEBUG ] [ org.springframework.web.servlet.DispatcherServlet : 1131 ] - Completed 200 OK
2022-06-29 14:00:28.021 [ http-nio-8080-exec-4 ] - [ DEBUG ] [ org.springframework.web.servlet.DispatcherServlet : 119 ] - GET "/user/fandall?page=1&limit=10", parameters={masked}
2022-06-29 14:00:28.037 [ http-nio-8080-exec-4 ] - [ DEBUG ] [ org.springframework.web.servlet.DispatcherServlet : 1131 ] - Completed 200 OK
2022-06-29 14:00:28.252 [ http-nio-8080-exec-5 ] - [ DEBUG ] [ org.springframework.web.servlet.DispatcherServlet : 119 ] - GET "/user/fandall?page=1&limit=10", parameters={masked}
2022-06-29 14:00:28.266 [ http-nio-8080-exec-5 ] - [ DEBUG ] [ org.springframework.web.servlet.DispatcherServlet : 1131 ] - Completed 200 OK
2022-06-29 14:00:28.442 [ http-nio-8080-exec-6 ] - [ DEBUG ] [ org.springframework.web.servlet.DispatcherServlet : 119 ] - GET "/user/fandall?page=1&limit=10", parameters={masked}
2022-06-29 14:00:28.453 [ http-nio-8080-exec-6 ] - [ DEBUG ] [ org.springframework.web.servlet.DispatcherServlet : 1131 ] - Completed 200 OK
2022-06-29 14:01:12.803 [ http-nio-8080-exec-2 ] - [ DEBUG ] [ org.springframework.web.servlet.DispatcherServlet : 119 ] - GET "/user/fandall?page=1&limit=10", parameters={masked}
2022-06-29 14:01:12.815 [ http-nio-8080-exec-2 ] - [ DEBUG ] [ org.springframework.web.servlet.DispatcherServlet : 1131 ] - Completed 200 OK
2022-06-29 14:01:12.867 [ http-nio-8080-exec-8 ] - [ DEBUG ] [ org.springframework.web.servlet.DispatcherServlet : 119 ] - GET "/user/fandall?page=1&limit=10", parameters={masked}
2022-06-29 14:01:12.881 [ http-nio-8080-exec-8 ] - [ DEBUG ] [ org.springframework.web.servlet.DispatcherServlet : 1131 ] - Completed 200 OK
2022-06-29 14:01:13.143 [ http-nio-8080-exec-9 ] - [ DEBUG ] [ org.springframework.web.servlet.DispatcherServlet : 119 ] - GET "/user/fandall?page=1&limit=10", parameters={masked}
2022-06-29 14:01:13.154 [ http-nio-8080-exec-9 ] - [ DEBUG ] [ org.springframework.web.servlet.DispatcherServlet : 1131 ] - Completed 200 OK
2022-06-29 14:01:13.210 [ http-nio-8080-exec-7 ] - [ DEBUG ] [ org.springframework.web.servlet.DispatcherServlet : 119 ] - GET "/user/fandall?page=1&limit=10", parameters={masked}
2022-06-29 14:01:13.221 [ http-nio-8080-exec-7 ] - [ DEBUG ] [ org.springframework.web.servlet.DispatcherServlet : 1131 ] - Completed 200 OK
2022-06-29 14:01:13.254 [ http-nio-8080-exec-10 ] - [ DEBUG ] [ org.springframework.web.servlet.DispatcherServlet : 119 ] - GET "/user/fandall?page=1&limit=10", parameters={masked}
2022-06-29 14:01:13.265 [ http-nio-8080-exec-10 ] - [ DEBUG ] [ org.springframework.web.servlet.DispatcherServlet : 1131 ] - Completed 200 OK
2022-06-29 14:01:13.317 [ http-nio-8080-exec-1 ] - [ DEBUG ] [ org.springframework.web.servlet.DispatcherServlet : 119 ] - GET "/user/fandall?page=1&limit=10", parameters={masked}
2022-06-29 14:01:13.327 [ http-nio-8080-exec-1 ] - [ DEBUG ] [ org.springframework.web.servlet.DispatcherServlet : 1131 ] - Completed 200 OK
2022-06-29 14:01:13.433 [ http-nio-8080-exec-3 ] - [ DEBUG ] [ org.springframework.web.servlet.DispatcherServlet : 119 ] - GET "/user/fandall?page=1&limit=10", parameters={masked}
2022-06-29 14:01:13.445 [ http-nio-8080-exec-3 ] - [ DEBUG ] [ org.springframework.web.servlet.DispatcherServlet : 1131 ] - Completed 200 OK
2022-06-29 14:01:13.525 [ http-nio-8080-exec-4 ] - [ DEBUG ] [ org.springframework.web.servlet.DispatcherServlet : 119 ] - GET "/user/fandall?page=1&limit=10", parameters={masked}
2022-06-29 14:01:13.536 [ http-nio-8080-exec-4 ] - [ DEBUG ] [ org.springframework.web.servlet.DispatcherServlet : 1131 ] - Completed 200 OK
2022-06-29 14:02:06.955 [ http-nio-8080-exec-6 ] - [ DEBUG ] [ org.springframework.web.servlet.DispatcherServlet : 119 ] - GET "/user/fandall?page=1&limit=10", parameters={masked}
2022-06-29 14:02:06.968 [ http-nio-8080-exec-6 ] - [ DEBUG ] [ org.springframework.web.servlet.DispatcherServlet : 1131 ] - Completed 200 OK
2022-06-29 14:02:06.989 [ http-nio-8080-exec-2 ] - [ DEBUG ] [ org.springframework.web.servlet.DispatcherServlet : 119 ] - GET "/user/fandall?page=1&limit=10", parameters={masked}
2022-06-29 14:02:07.004 [ http-nio-8080-exec-2 ] - [ DEBUG ] [ org.springframework.web.servlet.DispatcherServlet : 1131 ] - Completed 200 OK
2022-06-29 14:02:07.209 [ http-nio-8080-exec-8 ] - [ DEBUG ] [ org.springframework.web.servlet.DispatcherServlet : 119 ] - GET "/user/fandall?page=1&limit=10", parameters={masked}
2022-06-29 14:02:07.219 [ http-nio-8080-exec-8 ] - [ DEBUG ] [ org.springframework.web.servlet.DispatcherServlet : 1131 ] - Completed 200 OK
2022-06-29 14:02:07.225 [ http-nio-8080-exec-9 ] - [ DEBUG ] [ org.springframework.web.servlet.DispatcherServlet : 119 ] - GET "/user/fandall?page=1&limit=10", parameters={masked}
2022-06-29 14:02:07.237 [ http-nio-8080-exec-9 ] - [ DEBUG ] [ org.springframework.web.servlet.DispatcherServlet : 1131 ] - Completed 200 OK
2022-06-29 14:02:07.243 [ http-nio-8080-exec-7 ] - [ DEBUG ] [ org.springframework.web.servlet.DispatcherServlet : 119 ] - GET "/user/fandall?page=1&limit=10", parameters={masked}
2022-06-29 14:02:07.255 [ http-nio-8080-exec-7 ] - [ DEBUG ] [ org.springframework.web.servlet.DispatcherServlet : 1131 ] - Completed 200 OK
2022-06-29 14:02:07.267 [ http-nio-8080-exec-10 ] - [ DEBUG ] [ org.springframework.web.servlet.DispatcherServlet : 119 ] - GET "/user/fandall?page=1&limit=10", parameters={masked}
2022-06-29 14:02:07.278 [ http-nio-8080-exec-10 ] - [ DEBUG ] [ org.springframework.web.servlet.DispatcherServlet : 1131 ] - Completed 200 OK
2022-06-29 14:02:07.466 [ http-nio-8080-exec-1 ] - [ DEBUG ] [ org.springframework.web.servlet.DispatcherServlet : 119 ] - GET "/user/fandall?page=1&limit=10", parameters={masked}
2022-06-29 14:02:07.477 [ http-nio-8080-exec-1 ] - [ DEBUG ] [ org.springframework.web.servlet.DispatcherServlet : 1131 ] - Completed 200 OK
2022-06-29 14:02:07.596 [ http-nio-8080-exec-3 ] - [ DEBUG ] [ org.springframework.web.servlet.DispatcherServlet : 119 ] - GET "/user/fandall?page=1&limit=10", parameters={masked}
2022-06-29 14:02:07.606 [ http-nio-8080-exec-3 ] - [ DEBUG ] [ org.springframework.web.servlet.DispatcherServlet : 1131 ] - Completed 200 OK
2022-06-29 14:02:07.782 [ http-nio-8080-exec-4 ] - [ DEBUG ] [ org.springframework.web.servlet.DispatcherServlet : 119 ] - GET "/user/fandall?page=1&limit=10", parameters={masked}
2022-06-29 14:02:07.792 [ http-nio-8080-exec-4 ] - [ DEBUG ] [ org.springframework.web.servlet.DispatcherServlet : 1131 ] - Completed 200 OK
2022-06-29 14:11:56.934 [ http-nio-8080-exec-6 ] - [ DEBUG ] [ org.springframework.web.servlet.DispatcherServlet : 119 ] - GET "/user/fandall?page=1&limit=10", parameters={masked}
2022-06-29 14:11:56.948 [ http-nio-8080-exec-6 ] - [ DEBUG ] [ org.springframework.web.servlet.DispatcherServlet : 1131 ] - Completed 200 OK
2022-06-29 14:11:56.960 [ http-nio-8080-exec-2 ] - [ DEBUG ] [ org.springframework.web.servlet.DispatcherServlet : 119 ] - GET "/user/fandall?page=1&limit=10", parameters={masked}
2022-06-29 14:11:56.972 [ http-nio-8080-exec-2 ] - [ DEBUG ] [ org.springframework.web.servlet.DispatcherServlet : 1131 ] - Completed 200 OK
2022-06-29 14:11:57.093 [ http-nio-8080-exec-8 ] - [ DEBUG ] [ org.springframework.web.servlet.DispatcherServlet : 119 ] - GET "/user/fandall?page=1&limit=10", parameters={masked}
2022-06-29 14:11:57.109 [ http-nio-8080-exec-8 ] - [ DEBUG ] [ org.springframework.web.servlet.DispatcherServlet : 1131 ] - Completed 200 OK
2022-06-29 14:11:57.132 [ http-nio-8080-exec-9 ] - [ DEBUG ] [ org.springframework.web.servlet.DispatcherServlet : 119 ] - GET "/user/fandall?page=1&limit=10", parameters={masked}
2022-06-29 14:11:57.150 [ http-nio-8080-exec-9 ] - [ DEBUG ] [ org.springframework.web.servlet.DispatcherServlet : 1131 ] - Completed 200 OK
2022-06-29 14:11:57.374 [ http-nio-8080-exec-7 ] - [ DEBUG ] [ org.springframework.web.servlet.DispatcherServlet : 119 ] - GET "/user/fandall?page=1&limit=10", parameters={masked}
2022-06-29 14:11:57.391 [ http-nio-8080-exec-7 ] - [ DEBUG ] [ org.springframework.web.servlet.DispatcherServlet : 1131 ] - Completed 200 OK
2022-06-29 14:11:57.447 [ http-nio-8080-exec-10 ] - [ DEBUG ] [ org.springframework.web.servlet.DispatcherServlet : 119 ] - GET "/user/fandall?page=1&limit=10", parameters={masked}
2022-06-29 14:11:57.459 [ http-nio-8080-exec-10 ] - [ DEBUG ] [ org.springframework.web.servlet.DispatcherServlet : 1131 ] - Completed 200 OK
2022-06-29 14:11:57.464 [ http-nio-8080-exec-1 ] - [ DEBUG ] [ org.springframework.web.servlet.DispatcherServlet : 119 ] - GET "/user/fandall?page=1&limit=10", parameters={masked}
2022-06-29 14:11:57.483 [ http-nio-8080-exec-1 ] - [ DEBUG ] [ org.springframework.web.servlet.DispatcherServlet : 1131 ] - Completed 200 OK
2022-06-29 14:11:57.589 [ http-nio-8080-exec-3 ] - [ DEBUG ] [ org.springframework.web.servlet.DispatcherServlet : 119 ] - GET "/user/fandall?page=1&limit=10", parameters={masked}
2022-06-29 14:11:57.602 [ http-nio-8080-exec-3 ] - [ DEBUG ] [ org.springframework.web.servlet.DispatcherServlet : 1131 ] - Completed 200 OK
2022-06-29 14:11:57.756 [ http-nio-8080-exec-4 ] - [ DEBUG ] [ org.springframework.web.servlet.DispatcherServlet : 119 ] - GET "/user/fandall?page=1&limit=10", parameters={masked}
2022-06-29 14:11:57.767 [ http-nio-8080-exec-4 ] - [ DEBUG ] [ org.springframework.web.servlet.DispatcherServlet : 1131 ] - Completed 200 OK
2022-06-29 14:11:59.736 [ http-nio-8080-exec-5 ] - [ DEBUG ] [ org.springframework.web.servlet.DispatcherServlet : 119 ] - GET "/user/fandall?page=1&limit=10", parameters={masked}
2022-06-29 14:11:59.752 [ http-nio-8080-exec-5 ] - [ DEBUG ] [ org.springframework.web.servlet.DispatcherServlet : 1131 ] - Completed 200 OK
2022-06-29 14:26:01.033 [ http-nio-8080-exec-2 ] - [ DEBUG ] [ org.springframework.web.servlet.DispatcherServlet : 119 ] - GET "/user/fandall?page=1&limit=10", parameters={masked}
2022-06-29 14:26:01.055 [ http-nio-8080-exec-2 ] - [ DEBUG ] [ org.springframework.web.servlet.DispatcherServlet : 1131 ] - Completed 200 OK
2022-06-29 14:30:27.326 [ http-nio-8080-exec-9 ] - [ DEBUG ] [ org.springframework.web.servlet.DispatcherServlet : 119 ] - GET "/user/fandall?page=1&limit=10", parameters={masked}
2022-06-29 14:30:27.343 [ http-nio-8080-exec-9 ] - [ DEBUG ] [ org.springframework.web.servlet.DispatcherServlet : 1131 ] - Completed 200 OK
2022-06-29 14:32:04.701 [ http-nio-8080-exec-10 ] - [ DEBUG ] [ org.springframework.web.servlet.DispatcherServlet : 119 ] - GET "/user/fandall?page=1&limit=10", parameters={masked}
2022-06-29 14:32:04.718 [ http-nio-8080-exec-10 ] - [ DEBUG ] [ org.springframework.web.servlet.DispatcherServlet : 1131 ] - Completed 200 OK
2022-06-29 14:34:11.643 [ http-nio-8080-exec-3 ] - [ DEBUG ] [ org.springframework.web.servlet.DispatcherServlet : 119 ] - GET "/user/fandall?page=1&limit=10", parameters={masked}
2022-06-29 14:34:11.665 [ http-nio-8080-exec-3 ] - [ DEBUG ] [ org.springframework.web.servlet.DispatcherServlet : 1131 ] - Completed 200 OK
2022-06-29 14:34:41.270 [ http-nio-8080-exec-5 ] - [ DEBUG ] [ org.springframework.web.servlet.DispatcherServlet : 119 ] - GET "/user/fandall?page=1&limit=10", parameters={masked}
2022-06-29 14:34:41.288 [ http-nio-8080-exec-5 ] - [ DEBUG ] [ org.springframework.web.servlet.DispatcherServlet : 1131 ] - Completed 200 OK
2022-06-29 14:35:42.832 [ http-nio-8080-exec-2 ] - [ DEBUG ] [ org.springframework.web.servlet.DispatcherServlet : 119 ] - GET "/user/fandall?page=1&limit=10", parameters={masked}
2022-06-29 14:35:42.843 [ http-nio-8080-exec-2 ] - [ DEBUG ] [ org.springframework.web.servlet.DispatcherServlet : 1131 ] - Completed 200 OK
2022-06-29 14:35:43.293 [ http-nio-8080-exec-8 ] - [ DEBUG ] [ org.springframework.web.servlet.DispatcherServlet : 119 ] - GET "/user/fandall?page=1&limit=10", parameters={masked}
2022-06-29 14:35:43.303 [ http-nio-8080-exec-8 ] - [ DEBUG ] [ org.springframework.web.servlet.DispatcherServlet : 1131 ] - Completed 200 OK
2022-06-29 14:35:47.296 [ http-nio-8080-exec-9 ] - [ DEBUG ] [ org.springframework.web.servlet.DispatcherServlet : 119 ] - GET "/user/fandall?page=1&limit=10", parameters={masked}
2022-06-29 14:35:47.309 [ http-nio-8080-exec-9 ] - [ DEBUG ] [ org.springframework.web.servlet.DispatcherServlet : 1131 ] - Completed 200 OK
2022-06-29 14:37:05.224 [ http-nio-8080-exec-10 ] - [ DEBUG ] [ org.springframework.web.servlet.DispatcherServlet : 119 ] - GET "/user/fandall?page=1&limit=10", parameters={masked}
2022-06-29 14:37:05.242 [ http-nio-8080-exec-10 ] - [ DEBUG ] [ org.springframework.web.servlet.DispatcherServlet : 1131 ] - Completed 200 OK
2022-06-29 14:37:30.217 [ http-nio-8080-exec-1 ] - [ DEBUG ] [ org.springframework.web.servlet.DispatcherServlet : 119 ] - GET "/user/fandall?page=1&limit=10", parameters={masked}
2022-06-29 14:37:30.230 [ http-nio-8080-exec-1 ] - [ DEBUG ] [ org.springframework.web.servlet.DispatcherServlet : 1131 ] - Completed 200 OK
2022-06-29 14:37:30.696 [ http-nio-8080-exec-3 ] - [ DEBUG ] [ org.springframework.web.servlet.DispatcherServlet : 119 ] - GET "/user/fandall?page=1&limit=10", parameters={masked}
2022-06-29 14:37:30.705 [ http-nio-8080-exec-3 ] - [ DEBUG ] [ org.springframework.web.servlet.DispatcherServlet : 1131 ] - Completed 200 OK
2022-06-29 14:37:33.089 [ http-nio-8080-exec-4 ] - [ DEBUG ] [ org.springframework.web.servlet.DispatcherServlet : 119 ] - GET "/user/fandall?page=1&limit=10", parameters={masked}
2022-06-29 14:37:33.097 [ http-nio-8080-exec-4 ] - [ DEBUG ] [ org.springframework.web.servlet.DispatcherServlet : 1131 ] - Completed 200 OK
2022-06-29 14:37:45.180 [ http-nio-8080-exec-2 ] - [ DEBUG ] [ org.springframework.web.servlet.DispatcherServlet : 119 ] - GET "/user/fandall?page=1&limit=10", parameters={masked}
2022-06-29 14:37:45.196 [ http-nio-8080-exec-2 ] - [ DEBUG ] [ org.springframework.web.servlet.DispatcherServlet : 1131 ] - Completed 200 OK
2022-06-29 14:37:58.697 [ http-nio-8080-exec-9 ] - [ DEBUG ] [ org.springframework.web.servlet.DispatcherServlet : 119 ] - GET "/user/fandall?page=1&limit=10", parameters={masked}
2022-06-29 14:37:58.718 [ http-nio-8080-exec-9 ] - [ DEBUG ] [ org.springframework.web.servlet.DispatcherServlet : 1131 ] - Completed 200 OK
2022-06-29 14:38:36.325 [ http-nio-8080-exec-10 ] - [ DEBUG ] [ org.springframework.web.servlet.DispatcherServlet : 119 ] - GET "/user/fandall?page=1&limit=10", parameters={masked}
2022-06-29 14:38:36.341 [ http-nio-8080-exec-10 ] - [ DEBUG ] [ org.springframework.web.servlet.DispatcherServlet : 1131 ] - Completed 200 OK
2022-06-29 14:40:27.293 [ http-nio-8080-exec-3 ] - [ DEBUG ] [ org.springframework.web.servlet.DispatcherServlet : 119 ] - GET "/user/fandall?page=1&limit=10", parameters={masked}
2022-06-29 14:40:27.306 [ http-nio-8080-exec-3 ] - [ DEBUG ] [ org.springframework.web.servlet.DispatcherServlet : 1131 ] - Completed 200 OK
2022-06-29 14:40:27.710 [ http-nio-8080-exec-4 ] - [ DEBUG ] [ org.springframework.web.servlet.DispatcherServlet : 119 ] - GET "/user/fandall?page=1&limit=10", parameters={masked}
2022-06-29 14:40:27.718 [ http-nio-8080-exec-4 ] - [ DEBUG ] [ org.springframework.web.servlet.DispatcherServlet : 1131 ] - Completed 200 OK
2022-06-29 14:40:29.548 [ http-nio-8080-exec-5 ] - [ DEBUG ] [ org.springframework.web.servlet.DispatcherServlet : 119 ] - GET "/user/fandall?page=1&limit=10", parameters={masked}
2022-06-29 14:40:29.581 [ http-nio-8080-exec-5 ] - [ DEBUG ] [ org.springframework.web.servlet.DispatcherServlet : 1131 ] - Completed 200 OK
2022-06-29 14:40:43.704 [ http-nio-8080-exec-6 ] - [ DEBUG ] [ org.springframework.web.servlet.DispatcherServlet : 119 ] - GET "/user/fandall?page=1&limit=10", parameters={masked}
2022-06-29 14:40:43.720 [ http-nio-8080-exec-6 ] - [ DEBUG ] [ org.springframework.web.servlet.DispatcherServlet : 1131 ] - Completed 200 OK
2022-06-29 14:40:43.752 [ http-nio-8080-exec-2 ] - [ DEBUG ] [ org.springframework.web.servlet.DispatcherServlet : 119 ] - GET "/user/fandall?page=1&limit=10", parameters={masked}
2022-06-29 14:40:43.761 [ http-nio-8080-exec-2 ] - [ DEBUG ] [ org.springframework.web.servlet.DispatcherServlet : 1131 ] - Completed 200 OK
2022-06-29 14:40:44.167 [ http-nio-8080-exec-8 ] - [ DEBUG ] [ org.springframework.web.servlet.DispatcherServlet : 119 ] - GET "/user/fandall?page=1&limit=10", parameters={masked}
2022-06-29 14:40:44.178 [ http-nio-8080-exec-8 ] - [ DEBUG ] [ org.springframework.web.servlet.DispatcherServlet : 1131 ] - Completed 200 OK
2022-06-29 14:40:44.180 [ http-nio-8080-exec-9 ] - [ DEBUG ] [ org.springframework.web.servlet.DispatcherServlet : 119 ] - GET "/user/fandall?page=1&limit=10", parameters={masked}
2022-06-29 14:40:44.188 [ http-nio-8080-exec-9 ] - [ DEBUG ] [ org.springframework.web.servlet.DispatcherServlet : 1131 ] - Completed 200 OK
2022-06-29 14:40:45.980 [ http-nio-8080-exec-7 ] - [ DEBUG ] [ org.springframework.web.servlet.DispatcherServlet : 119 ] - GET "/user/fandall?page=1&limit=10", parameters={masked}
2022-06-29 14:40:45.992 [ http-nio-8080-exec-7 ] - [ DEBUG ] [ org.springframework.web.servlet.DispatcherServlet : 1131 ] - Completed 200 OK
2022-06-29 14:41:13.126 [ http-nio-8080-exec-10 ] - [ DEBUG ] [ org.springframework.web.servlet.DispatcherServlet : 119 ] - GET "/user/fandall?page=1&limit=10", parameters={masked}
2022-06-29 14:41:13.152 [ http-nio-8080-exec-10 ] - [ DEBUG ] [ org.springframework.web.servlet.DispatcherServlet : 1131 ] - Completed 200 OK
2022-06-29 14:41:13.159 [ http-nio-8080-exec-1 ] - [ DEBUG ] [ org.springframework.web.servlet.DispatcherServlet : 119 ] - GET "/user/fandall?page=1&limit=10", parameters={masked}
2022-06-29 14:41:13.174 [ http-nio-8080-exec-1 ] - [ DEBUG ] [ org.springframework.web.servlet.DispatcherServlet : 1131 ] - Completed 200 OK
2022-06-29 14:41:13.273 [ http-nio-8080-exec-3 ] - [ DEBUG ] [ org.springframework.web.servlet.DispatcherServlet : 119 ] - GET "/user/fandall?page=1&limit=10", parameters={masked}
2022-06-29 14:41:13.285 [ http-nio-8080-exec-3 ] - [ DEBUG ] [ org.springframework.web.servlet.DispatcherServlet : 1131 ] - Completed 200 OK
2022-06-29 14:41:13.613 [ http-nio-8080-exec-4 ] - [ DEBUG ] [ org.springframework.web.servlet.DispatcherServlet : 119 ] - GET "/user/fandall?page=1&limit=10", parameters={masked}
2022-06-29 14:41:13.629 [ http-nio-8080-exec-4 ] - [ DEBUG ] [ org.springframework.web.servlet.DispatcherServlet : 1131 ] - Completed 200 OK
2022-06-29 14:41:13.637 [ http-nio-8080-exec-5 ] - [ DEBUG ] [ org.springframework.web.servlet.DispatcherServlet : 119 ] - GET "/user/fandall?page=1&limit=10", parameters={masked}
2022-06-29 14:41:13.649 [ http-nio-8080-exec-5 ] - [ DEBUG ] [ org.springframework.web.servlet.DispatcherServlet : 1131 ] - Completed 200 OK
2022-06-29 14:41:13.738 [ http-nio-8080-exec-6 ] - [ DEBUG ] [ org.springframework.web.servlet.DispatcherServlet : 119 ] - GET "/user/fandall?page=1&limit=10", parameters={masked}
2022-06-29 14:41:13.747 [ http-nio-8080-exec-6 ] - [ DEBUG ] [ org.springframework.web.servlet.DispatcherServlet : 1131 ] - Completed 200 OK
2022-06-29 14:41:15.784 [ http-nio-8080-exec-2 ] - [ DEBUG ] [ org.springframework.web.servlet.DispatcherServlet : 119 ] - GET "/user/fandall?page=1&limit=10", parameters={masked}
2022-06-29 14:41:15.802 [ http-nio-8080-exec-2 ] - [ DEBUG ] [ org.springframework.web.servlet.DispatcherServlet : 1131 ] - Completed 200 OK
2022-06-29 14:42:48.618 [ http-nio-8080-exec-9 ] - [ DEBUG ] [ org.springframework.web.servlet.DispatcherServlet : 119 ] - GET "/user/fandall?page=1&limit=10", parameters={masked}
2022-06-29 14:42:48.633 [ http-nio-8080-exec-9 ] - [ DEBUG ] [ org.springframework.web.servlet.DispatcherServlet : 1131 ] - Completed 200 OK
2022-06-29 14:44:54.162 [ http-nio-8080-exec-10 ] - [ DEBUG ] [ org.springframework.web.servlet.DispatcherServlet : 119 ] - GET "/user/fandall?page=1&limit=10", parameters={masked}
2022-06-29 14:44:54.173 [ http-nio-8080-exec-10 ] - [ DEBUG ] [ org.springframework.web.servlet.DispatcherServlet : 1131 ] - Completed 200 OK
2022-06-29 14:44:54.603 [ http-nio-8080-exec-1 ] - [ DEBUG ] [ org.springframework.web.servlet.DispatcherServlet : 119 ] - GET "/user/fandall?page=1&limit=10", parameters={masked}
2022-06-29 14:44:54.613 [ http-nio-8080-exec-1 ] - [ DEBUG ] [ org.springframework.web.servlet.DispatcherServlet : 1131 ] - Completed 200 OK
2022-06-29 14:44:57.584 [ http-nio-8080-exec-3 ] - [ DEBUG ] [ org.springframework.web.servlet.DispatcherServlet : 119 ] - GET "/user/fandall?page=1&limit=10", parameters={masked}
2022-06-29 14:44:57.594 [ http-nio-8080-exec-3 ] - [ DEBUG ] [ org.springframework.web.servlet.DispatcherServlet : 1131 ] - Completed 200 OK
