2022-06-21 16:43:55.060 [ main ] - [ INFO  ] [ com.hm.moc.shop.ShopApplication : 55 ] - Starting ShopApplication using Java 1.8.0_322 on moc with PID 4272 (C:\Users\moc\Desktop\shop\target\classes started by moc in C:\Users\moc\Desktop\shop)
2022-06-21 16:43:55.066 [ main ] - [ INFO  ] [ com.hm.moc.shop.ShopApplication : 634 ] - No active profile set, falling back to 1 default profile: "default"
2022-06-21 16:43:56.264 [ main ] - [ INFO  ] [ o.s.boot.web.embedded.tomcat.TomcatWebServer : 108 ] - Tomcat initialized with port(s): 8080 (http)
2022-06-21 16:43:56.273 [ main ] - [ INFO  ] [ org.apache.coyote.http11.Http11NioProtocol : 173 ] - Initializing ProtocolHandler ["http-nio-8080"]
2022-06-21 16:43:56.274 [ main ] - [ INFO  ] [ org.apache.catalina.core.StandardService : 173 ] - Starting service [Tomcat]
2022-06-21 16:43:56.275 [ main ] - [ INFO  ] [ org.apache.catalina.core.StandardEngine : 173 ] - Starting Servlet engine: [Apache Tomcat/9.0.63]
2022-06-21 16:43:56.365 [ main ] - [ INFO  ] [ o.a.c.core.ContainerBase.[Tomcat].[localhost].[/] : 173 ] - Initializing Spring embedded WebApplicationContext
2022-06-21 16:43:56.365 [ main ] - [ INFO  ] [ o.s.b.w.s.c.ServletWebServerApplicationContext : 292 ] - Root WebApplicationContext: initialization completed in 1240 ms
2022-06-21 16:43:56.920 [ main ] - [ INFO  ] [ org.apache.coyote.http11.Http11NioProtocol : 173 ] - Starting ProtocolHandler ["http-nio-8080"]
2022-06-21 16:43:57.003 [ main ] - [ INFO  ] [ o.s.boot.web.embedded.tomcat.TomcatWebServer : 220 ] - Tomcat started on port(s): 8080 (http) with context path ''
2022-06-21 16:43:57.012 [ main ] - [ INFO  ] [ com.hm.moc.shop.ShopApplication : 61 ] - Started ShopApplication in 2.511 seconds (JVM running for 3.299)
2022-06-21 16:43:57.326 [ http-nio-8080-exec-1 ] - [ INFO  ] [ o.a.c.core.ContainerBase.[Tomcat].[localhost].[/] : 173 ] - Initializing Spring DispatcherServlet 'dispatcherServlet'
2022-06-21 16:43:57.326 [ http-nio-8080-exec-1 ] - [ INFO  ] [ org.springframework.web.servlet.DispatcherServlet : 525 ] - Initializing Servlet 'dispatcherServlet'
2022-06-21 16:43:57.327 [ http-nio-8080-exec-1 ] - [ DEBUG ] [ org.springframework.web.servlet.DispatcherServlet : 520 ] - Detected StandardServletMultipartResolver
2022-06-21 16:43:57.327 [ http-nio-8080-exec-1 ] - [ DEBUG ] [ org.springframework.web.servlet.DispatcherServlet : 544 ] - Detected AcceptHeaderLocaleResolver
2022-06-21 16:43:57.327 [ http-nio-8080-exec-1 ] - [ DEBUG ] [ org.springframework.web.servlet.DispatcherServlet : 569 ] - Detected FixedThemeResolver
2022-06-21 16:43:57.328 [ http-nio-8080-exec-1 ] - [ DEBUG ] [ org.springframework.web.servlet.DispatcherServlet : 719 ] - Detected org.springframework.web.servlet.view.DefaultRequestToViewNameTranslator@5acac46d
2022-06-21 16:43:57.328 [ http-nio-8080-exec-1 ] - [ DEBUG ] [ org.springframework.web.servlet.DispatcherServlet : 783 ] - Detected org.springframework.web.servlet.support.SessionFlashMapManager@243515c0
2022-06-21 16:43:57.328 [ http-nio-8080-exec-1 ] - [ DEBUG ] [ org.springframework.web.servlet.DispatcherServlet : 542 ] - enableLoggingRequestDetails='false': request parameters and headers will be masked to prevent unsafe logging of potentially sensitive data
2022-06-21 16:43:57.328 [ http-nio-8080-exec-1 ] - [ INFO  ] [ org.springframework.web.servlet.DispatcherServlet : 547 ] - Completed initialization in 2 ms
2022-06-21 16:43:57.336 [ http-nio-8080-exec-1 ] - [ DEBUG ] [ org.springframework.web.servlet.DispatcherServlet : 119 ] - GET "/shopobj/fandall", parameters={}
2022-06-21 16:43:57.351 [ http-nio-8080-exec-1 ] - [ INFO  ] [ com.hm.moc.shop.Controller.shopobj.shopobjlist : 24 ] - 123
2022-06-21 16:43:57.365 [ http-nio-8080-exec-1 ] - [ INFO  ] [ com.zaxxer.hikari.HikariDataSource : 110 ] - HikariPool-1 - Starting...
2022-06-21 16:43:57.475 [ http-nio-8080-exec-1 ] - [ INFO  ] [ com.zaxxer.hikari.HikariDataSource : 123 ] - HikariPool-1 - Start completed.
2022-06-21 16:43:57.556 [ http-nio-8080-exec-1 ] - [ DEBUG ] [ org.springframework.web.servlet.DispatcherServlet : 1131 ] - Completed 200 OK
