2022-06-23 14:11:18.430 [ main ] - [ INFO  ] [ com.hm.moc.shop.ShopApplication : 55 ] - Starting ShopApplication using Java 1.8.0_322 on moc with PID 6752 (C:\Users\moc\Desktop\shop\target\classes started by moc in C:\Users\moc\Desktop\shop)
2022-06-23 14:11:18.441 [ main ] - [ INFO  ] [ com.hm.moc.shop.ShopApplication : 634 ] - No active profile set, falling back to 1 default profile: "default"
2022-06-23 14:11:19.871 [ main ] - [ INFO  ] [ o.s.boot.web.embedded.tomcat.TomcatWebServer : 108 ] - Tomcat initialized with port(s): 8080 (http)
2022-06-23 14:11:19.880 [ main ] - [ INFO  ] [ org.apache.coyote.http11.Http11NioProtocol : 173 ] - Initializing ProtocolHandler ["http-nio-8080"]
2022-06-23 14:11:19.881 [ main ] - [ INFO  ] [ org.apache.catalina.core.StandardService : 173 ] - Starting service [Tomcat]
2022-06-23 14:11:19.881 [ main ] - [ INFO  ] [ org.apache.catalina.core.StandardEngine : 173 ] - Starting Servlet engine: [Apache Tomcat/9.0.63]
2022-06-23 14:11:20.006 [ main ] - [ INFO  ] [ o.a.c.core.ContainerBase.[Tomcat].[localhost].[/] : 173 ] - Initializing Spring embedded WebApplicationContext
2022-06-23 14:11:20.006 [ main ] - [ INFO  ] [ o.s.b.w.s.c.ServletWebServerApplicationContext : 292 ] - Root WebApplicationContext: initialization completed in 1479 ms
2022-06-23 14:11:20.601 [ main ] - [ INFO  ] [ org.apache.coyote.http11.Http11NioProtocol : 173 ] - Starting ProtocolHandler ["http-nio-8080"]
2022-06-23 14:11:20.617 [ main ] - [ INFO  ] [ o.s.boot.web.embedded.tomcat.TomcatWebServer : 220 ] - Tomcat started on port(s): 8080 (http) with context path ''
2022-06-23 14:11:20.626 [ main ] - [ INFO  ] [ com.hm.moc.shop.ShopApplication : 61 ] - Started ShopApplication in 3.027 seconds (JVM running for 4.818)
2022-06-23 14:11:39.876 [ main ] - [ INFO  ] [ com.hm.moc.shop.ShopApplication : 55 ] - Starting ShopApplication using Java 1.8.0_322 on moc with PID 15348 (C:\Users\moc\Desktop\shop\target\classes started by moc in C:\Users\moc\Desktop\shop)
2022-06-23 14:11:39.879 [ main ] - [ INFO  ] [ com.hm.moc.shop.ShopApplication : 634 ] - No active profile set, falling back to 1 default profile: "default"
2022-06-23 14:11:41.200 [ main ] - [ INFO  ] [ o.s.boot.web.embedded.tomcat.TomcatWebServer : 108 ] - Tomcat initialized with port(s): 8080 (http)
2022-06-23 14:11:41.208 [ main ] - [ INFO  ] [ org.apache.coyote.http11.Http11NioProtocol : 173 ] - Initializing ProtocolHandler ["http-nio-8080"]
2022-06-23 14:11:41.209 [ main ] - [ INFO  ] [ org.apache.catalina.core.StandardService : 173 ] - Starting service [Tomcat]
2022-06-23 14:11:41.209 [ main ] - [ INFO  ] [ org.apache.catalina.core.StandardEngine : 173 ] - Starting Servlet engine: [Apache Tomcat/9.0.63]
2022-06-23 14:11:41.295 [ main ] - [ INFO  ] [ o.a.c.core.ContainerBase.[Tomcat].[localhost].[/] : 173 ] - Initializing Spring embedded WebApplicationContext
2022-06-23 14:11:41.295 [ main ] - [ INFO  ] [ o.s.b.w.s.c.ServletWebServerApplicationContext : 292 ] - Root WebApplicationContext: initialization completed in 1354 ms
2022-06-23 14:11:41.880 [ main ] - [ INFO  ] [ org.apache.coyote.http11.Http11NioProtocol : 173 ] - Starting ProtocolHandler ["http-nio-8080"]
2022-06-23 14:11:41.896 [ main ] - [ INFO  ] [ o.s.boot.web.embedded.tomcat.TomcatWebServer : 220 ] - Tomcat started on port(s): 8080 (http) with context path ''
2022-06-23 14:11:41.905 [ main ] - [ INFO  ] [ com.hm.moc.shop.ShopApplication : 61 ] - Started ShopApplication in 2.798 seconds (JVM running for 3.606)
2022-06-23 14:12:02.276 [ http-nio-8080-exec-1 ] - [ INFO  ] [ o.a.c.core.ContainerBase.[Tomcat].[localhost].[/] : 173 ] - Initializing Spring DispatcherServlet 'dispatcherServlet'
2022-06-23 14:12:02.276 [ http-nio-8080-exec-1 ] - [ INFO  ] [ org.springframework.web.servlet.DispatcherServlet : 525 ] - Initializing Servlet 'dispatcherServlet'
2022-06-23 14:12:02.277 [ http-nio-8080-exec-1 ] - [ DEBUG ] [ org.springframework.web.servlet.DispatcherServlet : 520 ] - Detected StandardServletMultipartResolver
2022-06-23 14:12:02.278 [ http-nio-8080-exec-1 ] - [ DEBUG ] [ org.springframework.web.servlet.DispatcherServlet : 544 ] - Detected AcceptHeaderLocaleResolver
2022-06-23 14:12:02.278 [ http-nio-8080-exec-1 ] - [ DEBUG ] [ org.springframework.web.servlet.DispatcherServlet : 569 ] - Detected FixedThemeResolver
2022-06-23 14:12:02.279 [ http-nio-8080-exec-1 ] - [ DEBUG ] [ org.springframework.web.servlet.DispatcherServlet : 719 ] - Detected org.springframework.web.servlet.view.DefaultRequestToViewNameTranslator@2bc1cf2e
2022-06-23 14:12:02.280 [ http-nio-8080-exec-1 ] - [ DEBUG ] [ org.springframework.web.servlet.DispatcherServlet : 783 ] - Detected org.springframework.web.servlet.support.SessionFlashMapManager@57d91ad5
2022-06-23 14:12:02.280 [ http-nio-8080-exec-1 ] - [ DEBUG ] [ org.springframework.web.servlet.DispatcherServlet : 542 ] - enableLoggingRequestDetails='false': request parameters and headers will be masked to prevent unsafe logging of potentially sensitive data
2022-06-23 14:12:02.280 [ http-nio-8080-exec-1 ] - [ INFO  ] [ org.springframework.web.servlet.DispatcherServlet : 547 ] - Completed initialization in 3 ms
2022-06-23 14:12:02.294 [ http-nio-8080-exec-1 ] - [ DEBUG ] [ org.springframework.web.servlet.DispatcherServlet : 119 ] - GET "/a.html", parameters={}
2022-06-23 14:12:02.318 [ http-nio-8080-exec-1 ] - [ DEBUG ] [ org.springframework.web.servlet.DispatcherServlet : 1131 ] - Completed 200 OK
2022-06-23 14:12:02.329 [ http-nio-8080-exec-2 ] - [ DEBUG ] [ org.springframework.web.servlet.DispatcherServlet : 119 ] - GET "/token", parameters={}
2022-06-23 14:12:02.653 [ http-nio-8080-exec-2 ] - [ DEBUG ] [ org.springframework.web.servlet.DispatcherServlet : 1131 ] - Completed 200 OK
2022-06-23 14:12:02.664 [ http-nio-8080-exec-4 ] - [ DEBUG ] [ org.springframework.web.servlet.DispatcherServlet : 119 ] - GET "/favicon.ico", parameters={}
2022-06-23 14:12:02.666 [ http-nio-8080-exec-4 ] - [ DEBUG ] [ org.springframework.web.servlet.DispatcherServlet : 1131 ] - Completed 404 NOT_FOUND
2022-06-23 14:12:02.669 [ http-nio-8080-exec-4 ] - [ DEBUG ] [ org.springframework.web.servlet.DispatcherServlet : 119 ] - "ERROR" dispatch for GET "/error", parameters={}
2022-06-23 14:12:02.750 [ http-nio-8080-exec-4 ] - [ DEBUG ] [ org.springframework.web.servlet.DispatcherServlet : 1127 ] - Exiting from "ERROR" dispatch, status 404
