2022-06-28 10:34:00.477 [ main ] - [ INFO  ] [ com.hm.moc.shop.ShopApplication : 55 ] - Starting ShopApplication using Java 1.8.0_322 on moc with PID 8840 (C:\Users\moc\Desktop\shop\target\classes started by moc in C:\Users\moc\Desktop\shop)
2022-06-28 10:34:00.492 [ main ] - [ INFO  ] [ com.hm.moc.shop.ShopApplication : 634 ] - No active profile set, falling back to 1 default profile: "default"
2022-06-28 10:34:02.008 [ main ] - [ INFO  ] [ o.s.boot.web.embedded.tomcat.TomcatWebServer : 108 ] - Tomcat initialized with port(s): 8080 (http)
2022-06-28 10:34:02.008 [ main ] - [ INFO  ] [ org.apache.coyote.http11.Http11NioProtocol : 173 ] - Initializing ProtocolHandler ["http-nio-8080"]
2022-06-28 10:34:02.008 [ main ] - [ INFO  ] [ org.apache.catalina.core.StandardService : 173 ] - Starting service [Tomcat]
2022-06-28 10:34:02.008 [ main ] - [ INFO  ] [ org.apache.catalina.core.StandardEngine : 173 ] - Starting Servlet engine: [Apache Tomcat/9.0.63]
2022-06-28 10:34:02.164 [ main ] - [ INFO  ] [ o.a.c.core.ContainerBase.[Tomcat].[localhost].[/] : 173 ] - Initializing Spring embedded WebApplicationContext
2022-06-28 10:34:02.164 [ main ] - [ INFO  ] [ o.s.b.w.s.c.ServletWebServerApplicationContext : 292 ] - Root WebApplicationContext: initialization completed in 1609 ms
2022-06-28 10:34:02.898 [ main ] - [ INFO  ] [ org.apache.coyote.http11.Http11NioProtocol : 173 ] - Starting ProtocolHandler ["http-nio-8080"]
2022-06-28 10:34:02.914 [ main ] - [ INFO  ] [ o.s.boot.web.embedded.tomcat.TomcatWebServer : 220 ] - Tomcat started on port(s): 8080 (http) with context path ''
2022-06-28 10:34:02.929 [ main ] - [ INFO  ] [ com.hm.moc.shop.ShopApplication : 61 ] - Started ShopApplication in 3.415 seconds (JVM running for 5.469)
2022-06-28 10:34:38.784 [ http-nio-8080-exec-1 ] - [ INFO  ] [ o.a.c.core.ContainerBase.[Tomcat].[localhost].[/] : 173 ] - Initializing Spring DispatcherServlet 'dispatcherServlet'
2022-06-28 10:34:38.785 [ http-nio-8080-exec-1 ] - [ INFO  ] [ org.springframework.web.servlet.DispatcherServlet : 525 ] - Initializing Servlet 'dispatcherServlet'
2022-06-28 10:34:38.786 [ http-nio-8080-exec-1 ] - [ DEBUG ] [ org.springframework.web.servlet.DispatcherServlet : 520 ] - Detected StandardServletMultipartResolver
2022-06-28 10:34:38.787 [ http-nio-8080-exec-1 ] - [ DEBUG ] [ org.springframework.web.servlet.DispatcherServlet : 544 ] - Detected AcceptHeaderLocaleResolver
2022-06-28 10:34:38.787 [ http-nio-8080-exec-1 ] - [ DEBUG ] [ org.springframework.web.servlet.DispatcherServlet : 569 ] - Detected FixedThemeResolver
2022-06-28 10:34:38.788 [ http-nio-8080-exec-1 ] - [ DEBUG ] [ org.springframework.web.servlet.DispatcherServlet : 719 ] - Detected org.springframework.web.servlet.view.DefaultRequestToViewNameTranslator@287c2768
2022-06-28 10:34:38.789 [ http-nio-8080-exec-1 ] - [ DEBUG ] [ org.springframework.web.servlet.DispatcherServlet : 783 ] - Detected org.springframework.web.servlet.support.SessionFlashMapManager@71436f48
2022-06-28 10:34:38.789 [ http-nio-8080-exec-1 ] - [ DEBUG ] [ org.springframework.web.servlet.DispatcherServlet : 542 ] - enableLoggingRequestDetails='false': request parameters and headers will be masked to prevent unsafe logging of potentially sensitive data
2022-06-28 10:34:38.789 [ http-nio-8080-exec-1 ] - [ INFO  ] [ org.springframework.web.servlet.DispatcherServlet : 547 ] - Completed initialization in 3 ms
2022-06-28 10:34:38.798 [ http-nio-8080-exec-1 ] - [ DEBUG ] [ org.springframework.web.servlet.DispatcherServlet : 119 ] - GET "/genu", parameters={}
2022-06-28 10:34:38.810 [ http-nio-8080-exec-1 ] - [ DEBUG ] [ org.springframework.web.servlet.DispatcherServlet : 1131 ] - Completed 404 NOT_FOUND
2022-06-28 10:34:38.815 [ http-nio-8080-exec-1 ] - [ DEBUG ] [ org.springframework.web.servlet.DispatcherServlet : 119 ] - "ERROR" dispatch for GET "/error", parameters={}
2022-06-28 10:34:38.844 [ http-nio-8080-exec-1 ] - [ DEBUG ] [ org.springframework.web.servlet.DispatcherServlet : 1127 ] - Exiting from "ERROR" dispatch, status 404
2022-06-28 10:34:38.900 [ http-nio-8080-exec-2 ] - [ DEBUG ] [ org.springframework.web.servlet.DispatcherServlet : 119 ] - GET "/favicon.ico", parameters={}
2022-06-28 10:34:38.904 [ http-nio-8080-exec-2 ] - [ DEBUG ] [ org.springframework.web.servlet.DispatcherServlet : 1131 ] - Completed 404 NOT_FOUND
2022-06-28 10:34:38.905 [ http-nio-8080-exec-2 ] - [ DEBUG ] [ org.springframework.web.servlet.DispatcherServlet : 119 ] - "ERROR" dispatch for GET "/error", parameters={}
2022-06-28 10:34:38.951 [ http-nio-8080-exec-2 ] - [ DEBUG ] [ org.springframework.web.servlet.DispatcherServlet : 1127 ] - Exiting from "ERROR" dispatch, status 404
2022-06-28 10:34:47.241 [ http-nio-8080-exec-5 ] - [ DEBUG ] [ org.springframework.web.servlet.DispatcherServlet : 119 ] - GET "/menu", parameters={}
2022-06-28 10:34:47.250 [ http-nio-8080-exec-5 ] - [ DEBUG ] [ org.springframework.web.servlet.DispatcherServlet : 1101 ] - Failed to complete request: java.lang.NullPointerException
2022-06-28 10:34:47.253 [ http-nio-8080-exec-5 ] - [ ERROR ] [ o.a.c.c.C.[.[localhost].[/].[dispatcherServlet] : 175 ] - Servlet.service() for servlet [dispatcherServlet] in context with path [] threw exception [Request processing failed; nested exception is java.lang.NullPointerException] with root cause
java.lang.NullPointerException: null
	at com.hm.moc.shop.Controller.index.getmodules(index.java:15)
	at sun.reflect.NativeMethodAccessorImpl.invoke0(Native Method)
	at sun.reflect.NativeMethodAccessorImpl.invoke(NativeMethodAccessorImpl.java:62)
	at sun.reflect.DelegatingMethodAccessorImpl.invoke(DelegatingMethodAccessorImpl.java:43)
	at java.lang.reflect.Method.invoke(Method.java:498)
	at org.springframework.web.method.support.InvocableHandlerMethod.doInvoke(InvocableHandlerMethod.java:205)
	at org.springframework.web.method.support.InvocableHandlerMethod.invokeForRequest(InvocableHandlerMethod.java:150)
	at org.springframework.web.servlet.mvc.method.annotation.ServletInvocableHandlerMethod.invokeAndHandle(ServletInvocableHandlerMethod.java:117)
	at org.springframework.web.servlet.mvc.method.annotation.RequestMappingHandlerAdapter.invokeHandlerMethod(RequestMappingHandlerAdapter.java:895)
	at org.springframework.web.servlet.mvc.method.annotation.RequestMappingHandlerAdapter.handleInternal(RequestMappingHandlerAdapter.java:808)
	at org.springframework.web.servlet.mvc.method.AbstractHandlerMethodAdapter.handle(AbstractHandlerMethodAdapter.java:87)
	at org.springframework.web.servlet.DispatcherServlet.doDispatch(DispatcherServlet.java:1067)
	at org.springframework.web.servlet.DispatcherServlet.doService(DispatcherServlet.java:963)
	at org.springframework.web.servlet.FrameworkServlet.processRequest(FrameworkServlet.java:1006)
	at org.springframework.web.servlet.FrameworkServlet.doGet(FrameworkServlet.java:898)
	at javax.servlet.http.HttpServlet.service(HttpServlet.java:655)
	at org.springframework.web.servlet.FrameworkServlet.service(FrameworkServlet.java:883)
	at javax.servlet.http.HttpServlet.service(HttpServlet.java:764)
	at org.apache.catalina.core.ApplicationFilterChain.internalDoFilter(ApplicationFilterChain.java:227)
	at org.apache.catalina.core.ApplicationFilterChain.doFilter(ApplicationFilterChain.java:162)
	at org.apache.tomcat.websocket.server.WsFilter.doFilter(WsFilter.java:53)
	at org.apache.catalina.core.ApplicationFilterChain.internalDoFilter(ApplicationFilterChain.java:189)
	at org.apache.catalina.core.ApplicationFilterChain.doFilter(ApplicationFilterChain.java:162)
	at org.springframework.web.filter.RequestContextFilter.doFilterInternal(RequestContextFilter.java:100)
	at org.springframework.web.filter.OncePerRequestFilter.doFilter(OncePerRequestFilter.java:117)
	at org.apache.catalina.core.ApplicationFilterChain.internalDoFilter(ApplicationFilterChain.java:189)
	at org.apache.catalina.core.ApplicationFilterChain.doFilter(ApplicationFilterChain.java:162)
	at org.springframework.web.filter.FormContentFilter.doFilterInternal(FormContentFilter.java:93)
	at org.springframework.web.filter.OncePerRequestFilter.doFilter(OncePerRequestFilter.java:117)
	at org.apache.catalina.core.ApplicationFilterChain.internalDoFilter(ApplicationFilterChain.java:189)
	at org.apache.catalina.core.ApplicationFilterChain.doFilter(ApplicationFilterChain.java:162)
	at org.springframework.web.filter.CharacterEncodingFilter.doFilterInternal(CharacterEncodingFilter.java:201)
	at org.springframework.web.filter.OncePerRequestFilter.doFilter(OncePerRequestFilter.java:117)
	at org.apache.catalina.core.ApplicationFilterChain.internalDoFilter(ApplicationFilterChain.java:189)
	at org.apache.catalina.core.ApplicationFilterChain.doFilter(ApplicationFilterChain.java:162)
	at org.apache.catalina.core.StandardWrapperValve.invoke(StandardWrapperValve.java:197)
	at org.apache.catalina.core.StandardContextValve.invoke(StandardContextValve.java:97)
	at org.apache.catalina.authenticator.AuthenticatorBase.invoke(AuthenticatorBase.java:541)
	at org.apache.catalina.core.StandardHostValve.invoke(StandardHostValve.java:135)
	at org.apache.catalina.valves.ErrorReportValve.invoke(ErrorReportValve.java:92)
	at org.apache.catalina.core.StandardEngineValve.invoke(StandardEngineValve.java:78)
	at org.apache.catalina.connector.CoyoteAdapter.service(CoyoteAdapter.java:360)
	at org.apache.coyote.http11.Http11Processor.service(Http11Processor.java:399)
	at org.apache.coyote.AbstractProcessorLight.process(AbstractProcessorLight.java:65)
	at org.apache.coyote.AbstractProtocol$ConnectionHandler.process(AbstractProtocol.java:890)
	at org.apache.tomcat.util.net.NioEndpoint$SocketProcessor.doRun(NioEndpoint.java:1743)
	at org.apache.tomcat.util.net.SocketProcessorBase.run(SocketProcessorBase.java:49)
	at org.apache.tomcat.util.threads.ThreadPoolExecutor.runWorker(ThreadPoolExecutor.java:1191)
	at org.apache.tomcat.util.threads.ThreadPoolExecutor$Worker.run(ThreadPoolExecutor.java:659)
	at org.apache.tomcat.util.threads.TaskThread$WrappingRunnable.run(TaskThread.java:61)
	at java.lang.Thread.run(Thread.java:750)
2022-06-28 10:34:47.254 [ http-nio-8080-exec-5 ] - [ DEBUG ] [ org.springframework.web.servlet.DispatcherServlet : 119 ] - "ERROR" dispatch for GET "/error", parameters={}
2022-06-28 10:34:47.262 [ http-nio-8080-exec-5 ] - [ DEBUG ] [ org.springframework.web.servlet.DispatcherServlet : 1127 ] - Exiting from "ERROR" dispatch, status 500
2022-06-28 10:37:15.060 [ main ] - [ INFO  ] [ com.hm.moc.shop.ShopApplication : 55 ] - Starting ShopApplication using Java 1.8.0_322 on moc with PID 1248 (C:\Users\moc\Desktop\shop\target\classes started by moc in C:\Users\moc\Desktop\shop)
2022-06-28 10:37:15.064 [ main ] - [ INFO  ] [ com.hm.moc.shop.ShopApplication : 634 ] - No active profile set, falling back to 1 default profile: "default"
2022-06-28 10:37:16.087 [ main ] - [ INFO  ] [ o.s.boot.web.embedded.tomcat.TomcatWebServer : 108 ] - Tomcat initialized with port(s): 8080 (http)
2022-06-28 10:37:16.095 [ main ] - [ INFO  ] [ org.apache.coyote.http11.Http11NioProtocol : 173 ] - Initializing ProtocolHandler ["http-nio-8080"]
2022-06-28 10:37:16.096 [ main ] - [ INFO  ] [ org.apache.catalina.core.StandardService : 173 ] - Starting service [Tomcat]
2022-06-28 10:37:16.096 [ main ] - [ INFO  ] [ org.apache.catalina.core.StandardEngine : 173 ] - Starting Servlet engine: [Apache Tomcat/9.0.63]
2022-06-28 10:37:16.185 [ main ] - [ INFO  ] [ o.a.c.core.ContainerBase.[Tomcat].[localhost].[/] : 173 ] - Initializing Spring embedded WebApplicationContext
2022-06-28 10:37:16.185 [ main ] - [ INFO  ] [ o.s.b.w.s.c.ServletWebServerApplicationContext : 292 ] - Root WebApplicationContext: initialization completed in 1075 ms
2022-06-28 10:37:16.768 [ main ] - [ INFO  ] [ org.apache.coyote.http11.Http11NioProtocol : 173 ] - Starting ProtocolHandler ["http-nio-8080"]
2022-06-28 10:37:16.784 [ main ] - [ INFO  ] [ o.s.boot.web.embedded.tomcat.TomcatWebServer : 220 ] - Tomcat started on port(s): 8080 (http) with context path ''
2022-06-28 10:37:16.784 [ main ] - [ INFO  ] [ com.hm.moc.shop.ShopApplication : 61 ] - Started ShopApplication in 2.356 seconds (JVM running for 3.148)
2022-06-28 10:37:26.380 [ http-nio-8080-exec-1 ] - [ INFO  ] [ o.a.c.core.ContainerBase.[Tomcat].[localhost].[/] : 173 ] - Initializing Spring DispatcherServlet 'dispatcherServlet'
2022-06-28 10:37:26.381 [ http-nio-8080-exec-1 ] - [ INFO  ] [ org.springframework.web.servlet.DispatcherServlet : 525 ] - Initializing Servlet 'dispatcherServlet'
2022-06-28 10:37:26.381 [ http-nio-8080-exec-1 ] - [ DEBUG ] [ org.springframework.web.servlet.DispatcherServlet : 520 ] - Detected StandardServletMultipartResolver
2022-06-28 10:37:26.381 [ http-nio-8080-exec-1 ] - [ DEBUG ] [ org.springframework.web.servlet.DispatcherServlet : 544 ] - Detected AcceptHeaderLocaleResolver
2022-06-28 10:37:26.382 [ http-nio-8080-exec-1 ] - [ DEBUG ] [ org.springframework.web.servlet.DispatcherServlet : 569 ] - Detected FixedThemeResolver
2022-06-28 10:37:26.383 [ http-nio-8080-exec-1 ] - [ DEBUG ] [ org.springframework.web.servlet.DispatcherServlet : 719 ] - Detected org.springframework.web.servlet.view.DefaultRequestToViewNameTranslator@762059d7
2022-06-28 10:37:26.383 [ http-nio-8080-exec-1 ] - [ DEBUG ] [ org.springframework.web.servlet.DispatcherServlet : 783 ] - Detected org.springframework.web.servlet.support.SessionFlashMapManager@54355444
2022-06-28 10:37:26.384 [ http-nio-8080-exec-1 ] - [ DEBUG ] [ org.springframework.web.servlet.DispatcherServlet : 542 ] - enableLoggingRequestDetails='false': request parameters and headers will be masked to prevent unsafe logging of potentially sensitive data
2022-06-28 10:37:26.384 [ http-nio-8080-exec-1 ] - [ INFO  ] [ org.springframework.web.servlet.DispatcherServlet : 547 ] - Completed initialization in 3 ms
2022-06-28 10:37:26.397 [ http-nio-8080-exec-1 ] - [ DEBUG ] [ org.springframework.web.servlet.DispatcherServlet : 119 ] - GET "/menu", parameters={}
2022-06-28 10:37:26.473 [ http-nio-8080-exec-1 ] - [ DEBUG ] [ org.springframework.web.servlet.DispatcherServlet : 1131 ] - Completed 200 OK
2022-06-28 10:38:16.337 [ main ] - [ INFO  ] [ com.hm.moc.shop.ShopApplication : 55 ] - Starting ShopApplication using Java 1.8.0_322 on moc with PID 12716 (C:\Users\moc\Desktop\shop\target\classes started by moc in C:\Users\moc\Desktop\shop)
2022-06-28 10:38:16.337 [ main ] - [ INFO  ] [ com.hm.moc.shop.ShopApplication : 634 ] - No active profile set, falling back to 1 default profile: "default"
2022-06-28 10:38:17.440 [ main ] - [ INFO  ] [ o.s.boot.web.embedded.tomcat.TomcatWebServer : 108 ] - Tomcat initialized with port(s): 8080 (http)
2022-06-28 10:38:17.440 [ main ] - [ INFO  ] [ org.apache.coyote.http11.Http11NioProtocol : 173 ] - Initializing ProtocolHandler ["http-nio-8080"]
2022-06-28 10:38:17.440 [ main ] - [ INFO  ] [ org.apache.catalina.core.StandardService : 173 ] - Starting service [Tomcat]
2022-06-28 10:38:17.440 [ main ] - [ INFO  ] [ org.apache.catalina.core.StandardEngine : 173 ] - Starting Servlet engine: [Apache Tomcat/9.0.63]
2022-06-28 10:38:17.534 [ main ] - [ INFO  ] [ o.a.c.core.ContainerBase.[Tomcat].[localhost].[/] : 173 ] - Initializing Spring embedded WebApplicationContext
2022-06-28 10:38:17.534 [ main ] - [ INFO  ] [ o.s.b.w.s.c.ServletWebServerApplicationContext : 292 ] - Root WebApplicationContext: initialization completed in 1134 ms
2022-06-28 10:38:18.143 [ main ] - [ INFO  ] [ org.apache.coyote.http11.Http11NioProtocol : 173 ] - Starting ProtocolHandler ["http-nio-8080"]
2022-06-28 10:38:18.159 [ main ] - [ INFO  ] [ o.s.boot.web.embedded.tomcat.TomcatWebServer : 220 ] - Tomcat started on port(s): 8080 (http) with context path ''
2022-06-28 10:38:18.159 [ main ] - [ INFO  ] [ com.hm.moc.shop.ShopApplication : 61 ] - Started ShopApplication in 2.425 seconds (JVM running for 3.229)
2022-06-28 10:43:42.612 [ main ] - [ INFO  ] [ com.hm.moc.shop.ShopApplication : 55 ] - Starting ShopApplication using Java 1.8.0_322 on moc with PID 8816 (C:\Users\moc\Desktop\shop\target\classes started by moc in C:\Users\moc\Desktop\shop)
2022-06-28 10:43:42.617 [ main ] - [ INFO  ] [ com.hm.moc.shop.ShopApplication : 634 ] - No active profile set, falling back to 1 default profile: "default"
2022-06-28 10:43:43.750 [ main ] - [ INFO  ] [ o.s.boot.web.embedded.tomcat.TomcatWebServer : 108 ] - Tomcat initialized with port(s): 8080 (http)
2022-06-28 10:43:43.758 [ main ] - [ INFO  ] [ org.apache.coyote.http11.Http11NioProtocol : 173 ] - Initializing ProtocolHandler ["http-nio-8080"]
2022-06-28 10:43:43.759 [ main ] - [ INFO  ] [ org.apache.catalina.core.StandardService : 173 ] - Starting service [Tomcat]
2022-06-28 10:43:43.759 [ main ] - [ INFO  ] [ org.apache.catalina.core.StandardEngine : 173 ] - Starting Servlet engine: [Apache Tomcat/9.0.63]
2022-06-28 10:43:43.841 [ main ] - [ INFO  ] [ o.a.c.core.ContainerBase.[Tomcat].[localhost].[/] : 173 ] - Initializing Spring embedded WebApplicationContext
2022-06-28 10:43:43.841 [ main ] - [ INFO  ] [ o.s.b.w.s.c.ServletWebServerApplicationContext : 292 ] - Root WebApplicationContext: initialization completed in 1176 ms
2022-06-28 10:43:44.423 [ main ] - [ INFO  ] [ org.apache.coyote.http11.Http11NioProtocol : 173 ] - Starting ProtocolHandler ["http-nio-8080"]
2022-06-28 10:43:44.440 [ main ] - [ INFO  ] [ o.s.boot.web.embedded.tomcat.TomcatWebServer : 220 ] - Tomcat started on port(s): 8080 (http) with context path ''
2022-06-28 10:43:44.449 [ main ] - [ INFO  ] [ com.hm.moc.shop.ShopApplication : 61 ] - Started ShopApplication in 2.38 seconds (JVM running for 3.109)
2022-06-28 10:47:31.280 [ main ] - [ INFO  ] [ com.hm.moc.shop.ShopApplication : 55 ] - Starting ShopApplication using Java 1.8.0_322 on moc with PID 14384 (C:\Users\moc\Desktop\shop\target\classes started by moc in C:\Users\moc\Desktop\shop)
2022-06-28 10:47:31.283 [ main ] - [ INFO  ] [ com.hm.moc.shop.ShopApplication : 634 ] - No active profile set, falling back to 1 default profile: "default"
2022-06-28 10:47:32.320 [ main ] - [ INFO  ] [ o.s.boot.web.embedded.tomcat.TomcatWebServer : 108 ] - Tomcat initialized with port(s): 8080 (http)
2022-06-28 10:47:32.341 [ main ] - [ INFO  ] [ org.apache.coyote.http11.Http11NioProtocol : 173 ] - Initializing ProtocolHandler ["http-nio-8080"]
2022-06-28 10:47:32.342 [ main ] - [ INFO  ] [ org.apache.catalina.core.StandardService : 173 ] - Starting service [Tomcat]
2022-06-28 10:47:32.342 [ main ] - [ INFO  ] [ org.apache.catalina.core.StandardEngine : 173 ] - Starting Servlet engine: [Apache Tomcat/9.0.63]
2022-06-28 10:47:32.431 [ main ] - [ INFO  ] [ o.a.c.core.ContainerBase.[Tomcat].[localhost].[/] : 173 ] - Initializing Spring embedded WebApplicationContext
2022-06-28 10:47:32.431 [ main ] - [ INFO  ] [ o.s.b.w.s.c.ServletWebServerApplicationContext : 292 ] - Root WebApplicationContext: initialization completed in 1104 ms
2022-06-28 10:47:32.987 [ main ] - [ INFO  ] [ org.apache.coyote.http11.Http11NioProtocol : 173 ] - Starting ProtocolHandler ["http-nio-8080"]
2022-06-28 10:47:33.003 [ main ] - [ INFO  ] [ o.s.boot.web.embedded.tomcat.TomcatWebServer : 220 ] - Tomcat started on port(s): 8080 (http) with context path ''
2022-06-28 10:47:33.011 [ main ] - [ INFO  ] [ com.hm.moc.shop.ShopApplication : 61 ] - Started ShopApplication in 2.271 seconds (JVM running for 3.029)
2022-06-28 10:47:45.247 [ http-nio-8080-exec-1 ] - [ INFO  ] [ o.a.c.core.ContainerBase.[Tomcat].[localhost].[/] : 173 ] - Initializing Spring DispatcherServlet 'dispatcherServlet'
2022-06-28 10:47:45.248 [ http-nio-8080-exec-1 ] - [ INFO  ] [ org.springframework.web.servlet.DispatcherServlet : 525 ] - Initializing Servlet 'dispatcherServlet'
2022-06-28 10:47:45.248 [ http-nio-8080-exec-1 ] - [ DEBUG ] [ org.springframework.web.servlet.DispatcherServlet : 520 ] - Detected StandardServletMultipartResolver
2022-06-28 10:47:45.248 [ http-nio-8080-exec-1 ] - [ DEBUG ] [ org.springframework.web.servlet.DispatcherServlet : 544 ] - Detected AcceptHeaderLocaleResolver
2022-06-28 10:47:45.248 [ http-nio-8080-exec-1 ] - [ DEBUG ] [ org.springframework.web.servlet.DispatcherServlet : 569 ] - Detected FixedThemeResolver
2022-06-28 10:47:45.249 [ http-nio-8080-exec-1 ] - [ DEBUG ] [ org.springframework.web.servlet.DispatcherServlet : 719 ] - Detected org.springframework.web.servlet.view.DefaultRequestToViewNameTranslator@39f676b4
2022-06-28 10:47:45.250 [ http-nio-8080-exec-1 ] - [ DEBUG ] [ org.springframework.web.servlet.DispatcherServlet : 783 ] - Detected org.springframework.web.servlet.support.SessionFlashMapManager@73b03b87
2022-06-28 10:47:45.250 [ http-nio-8080-exec-1 ] - [ DEBUG ] [ org.springframework.web.servlet.DispatcherServlet : 542 ] - enableLoggingRequestDetails='false': request parameters and headers will be masked to prevent unsafe logging of potentially sensitive data
2022-06-28 10:47:45.250 [ http-nio-8080-exec-1 ] - [ INFO  ] [ org.springframework.web.servlet.DispatcherServlet : 547 ] - Completed initialization in 2 ms
2022-06-28 10:47:45.260 [ http-nio-8080-exec-1 ] - [ DEBUG ] [ org.springframework.web.servlet.DispatcherServlet : 119 ] - GET "/menu", parameters={}
2022-06-28 10:47:45.333 [ http-nio-8080-exec-1 ] - [ DEBUG ] [ org.springframework.web.servlet.DispatcherServlet : 1131 ] - Completed 200 OK
2022-06-28 10:50:42.166 [ main ] - [ INFO  ] [ com.hm.moc.shop.ShopApplication : 55 ] - Starting ShopApplication using Java 1.8.0_322 on moc with PID 10136 (C:\Users\moc\Desktop\shop\target\classes started by moc in C:\Users\moc\Desktop\shop)
2022-06-28 10:50:42.169 [ main ] - [ INFO  ] [ com.hm.moc.shop.ShopApplication : 634 ] - No active profile set, falling back to 1 default profile: "default"
2022-06-28 10:50:43.499 [ main ] - [ INFO  ] [ o.s.boot.web.embedded.tomcat.TomcatWebServer : 108 ] - Tomcat initialized with port(s): 8080 (http)
2022-06-28 10:50:43.499 [ main ] - [ INFO  ] [ org.apache.coyote.http11.Http11NioProtocol : 173 ] - Initializing ProtocolHandler ["http-nio-8080"]
2022-06-28 10:50:43.499 [ main ] - [ INFO  ] [ org.apache.catalina.core.StandardService : 173 ] - Starting service [Tomcat]
2022-06-28 10:50:43.499 [ main ] - [ INFO  ] [ org.apache.catalina.core.StandardEngine : 173 ] - Starting Servlet engine: [Apache Tomcat/9.0.63]
2022-06-28 10:50:43.600 [ main ] - [ INFO  ] [ o.a.c.core.ContainerBase.[Tomcat].[localhost].[/] : 173 ] - Initializing Spring embedded WebApplicationContext
2022-06-28 10:50:43.600 [ main ] - [ INFO  ] [ o.s.b.w.s.c.ServletWebServerApplicationContext : 292 ] - Root WebApplicationContext: initialization completed in 1373 ms
2022-06-28 10:50:44.242 [ main ] - [ INFO  ] [ org.apache.coyote.http11.Http11NioProtocol : 173 ] - Starting ProtocolHandler ["http-nio-8080"]
2022-06-28 10:50:44.258 [ main ] - [ INFO  ] [ o.s.boot.web.embedded.tomcat.TomcatWebServer : 220 ] - Tomcat started on port(s): 8080 (http) with context path ''
2022-06-28 10:50:44.258 [ main ] - [ INFO  ] [ com.hm.moc.shop.ShopApplication : 61 ] - Started ShopApplication in 2.702 seconds (JVM running for 3.488)
2022-06-28 10:50:55.306 [ http-nio-8080-exec-3 ] - [ INFO  ] [ o.a.c.core.ContainerBase.[Tomcat].[localhost].[/] : 173 ] - Initializing Spring DispatcherServlet 'dispatcherServlet'
2022-06-28 10:50:55.306 [ http-nio-8080-exec-3 ] - [ INFO  ] [ org.springframework.web.servlet.DispatcherServlet : 525 ] - Initializing Servlet 'dispatcherServlet'
2022-06-28 10:50:55.306 [ http-nio-8080-exec-3 ] - [ DEBUG ] [ org.springframework.web.servlet.DispatcherServlet : 520 ] - Detected StandardServletMultipartResolver
2022-06-28 10:50:55.307 [ http-nio-8080-exec-3 ] - [ DEBUG ] [ org.springframework.web.servlet.DispatcherServlet : 544 ] - Detected AcceptHeaderLocaleResolver
2022-06-28 10:50:55.307 [ http-nio-8080-exec-3 ] - [ DEBUG ] [ org.springframework.web.servlet.DispatcherServlet : 569 ] - Detected FixedThemeResolver
2022-06-28 10:50:55.308 [ http-nio-8080-exec-3 ] - [ DEBUG ] [ org.springframework.web.servlet.DispatcherServlet : 719 ] - Detected org.springframework.web.servlet.view.DefaultRequestToViewNameTranslator@456c6ca1
2022-06-28 10:50:55.308 [ http-nio-8080-exec-3 ] - [ DEBUG ] [ org.springframework.web.servlet.DispatcherServlet : 783 ] - Detected org.springframework.web.servlet.support.SessionFlashMapManager@7c601649
2022-06-28 10:50:55.308 [ http-nio-8080-exec-3 ] - [ DEBUG ] [ org.springframework.web.servlet.DispatcherServlet : 542 ] - enableLoggingRequestDetails='false': request parameters and headers will be masked to prevent unsafe logging of potentially sensitive data
2022-06-28 10:50:55.308 [ http-nio-8080-exec-3 ] - [ INFO  ] [ org.springframework.web.servlet.DispatcherServlet : 547 ] - Completed initialization in 2 ms
2022-06-28 10:50:55.320 [ http-nio-8080-exec-3 ] - [ DEBUG ] [ org.springframework.web.servlet.DispatcherServlet : 119 ] - GET "/menu", parameters={}
2022-06-28 10:50:55.390 [ http-nio-8080-exec-3 ] - [ DEBUG ] [ org.springframework.web.servlet.DispatcherServlet : 1131 ] - Completed 200 OK
2022-06-28 10:50:55.649 [ http-nio-8080-exec-4 ] - [ DEBUG ] [ org.springframework.web.servlet.DispatcherServlet : 119 ] - GET "/menu", parameters={}
2022-06-28 10:50:55.651 [ http-nio-8080-exec-4 ] - [ DEBUG ] [ org.springframework.web.servlet.DispatcherServlet : 1131 ] - Completed 200 OK
2022-06-28 10:50:55.868 [ http-nio-8080-exec-5 ] - [ DEBUG ] [ org.springframework.web.servlet.DispatcherServlet : 119 ] - GET "/menu", parameters={}
2022-06-28 10:50:55.871 [ http-nio-8080-exec-5 ] - [ DEBUG ] [ org.springframework.web.servlet.DispatcherServlet : 1131 ] - Completed 200 OK
2022-06-28 10:50:56.099 [ http-nio-8080-exec-6 ] - [ DEBUG ] [ org.springframework.web.servlet.DispatcherServlet : 119 ] - GET "/menu", parameters={}
2022-06-28 10:50:56.101 [ http-nio-8080-exec-6 ] - [ DEBUG ] [ org.springframework.web.servlet.DispatcherServlet : 1131 ] - Completed 200 OK
2022-06-28 10:53:51.487 [ main ] - [ INFO  ] [ com.hm.moc.shop.ShopApplication : 55 ] - Starting ShopApplication using Java 1.8.0_322 on moc with PID 11020 (C:\Users\moc\Desktop\shop\target\classes started by moc in C:\Users\moc\Desktop\shop)
2022-06-28 10:53:51.492 [ main ] - [ INFO  ] [ com.hm.moc.shop.ShopApplication : 634 ] - No active profile set, falling back to 1 default profile: "default"
2022-06-28 10:53:52.718 [ main ] - [ INFO  ] [ o.s.boot.web.embedded.tomcat.TomcatWebServer : 108 ] - Tomcat initialized with port(s): 8080 (http)
2022-06-28 10:53:52.718 [ main ] - [ INFO  ] [ org.apache.coyote.http11.Http11NioProtocol : 173 ] - Initializing ProtocolHandler ["http-nio-8080"]
2022-06-28 10:53:52.718 [ main ] - [ INFO  ] [ org.apache.catalina.core.StandardService : 173 ] - Starting service [Tomcat]
2022-06-28 10:53:52.718 [ main ] - [ INFO  ] [ org.apache.catalina.core.StandardEngine : 173 ] - Starting Servlet engine: [Apache Tomcat/9.0.63]
2022-06-28 10:53:52.805 [ main ] - [ INFO  ] [ o.a.c.core.ContainerBase.[Tomcat].[localhost].[/] : 173 ] - Initializing Spring embedded WebApplicationContext
2022-06-28 10:53:52.805 [ main ] - [ INFO  ] [ o.s.b.w.s.c.ServletWebServerApplicationContext : 292 ] - Root WebApplicationContext: initialization completed in 1252 ms
2022-06-28 10:53:53.369 [ main ] - [ INFO  ] [ org.apache.coyote.http11.Http11NioProtocol : 173 ] - Starting ProtocolHandler ["http-nio-8080"]
2022-06-28 10:53:53.385 [ main ] - [ INFO  ] [ o.s.boot.web.embedded.tomcat.TomcatWebServer : 220 ] - Tomcat started on port(s): 8080 (http) with context path ''
2022-06-28 10:53:53.395 [ main ] - [ INFO  ] [ com.hm.moc.shop.ShopApplication : 61 ] - Started ShopApplication in 2.659 seconds (JVM running for 3.507)
2022-06-28 10:53:59.740 [ http-nio-8080-exec-1 ] - [ INFO  ] [ o.a.c.core.ContainerBase.[Tomcat].[localhost].[/] : 173 ] - Initializing Spring DispatcherServlet 'dispatcherServlet'
2022-06-28 10:53:59.740 [ http-nio-8080-exec-1 ] - [ INFO  ] [ org.springframework.web.servlet.DispatcherServlet : 525 ] - Initializing Servlet 'dispatcherServlet'
2022-06-28 10:53:59.741 [ http-nio-8080-exec-1 ] - [ DEBUG ] [ org.springframework.web.servlet.DispatcherServlet : 520 ] - Detected StandardServletMultipartResolver
2022-06-28 10:53:59.741 [ http-nio-8080-exec-1 ] - [ DEBUG ] [ org.springframework.web.servlet.DispatcherServlet : 544 ] - Detected AcceptHeaderLocaleResolver
2022-06-28 10:53:59.742 [ http-nio-8080-exec-1 ] - [ DEBUG ] [ org.springframework.web.servlet.DispatcherServlet : 569 ] - Detected FixedThemeResolver
2022-06-28 10:53:59.744 [ http-nio-8080-exec-1 ] - [ DEBUG ] [ org.springframework.web.servlet.DispatcherServlet : 719 ] - Detected org.springframework.web.servlet.view.DefaultRequestToViewNameTranslator@29c8c76d
2022-06-28 10:53:59.744 [ http-nio-8080-exec-1 ] - [ DEBUG ] [ org.springframework.web.servlet.DispatcherServlet : 783 ] - Detected org.springframework.web.servlet.support.SessionFlashMapManager@1c9ded73
2022-06-28 10:53:59.744 [ http-nio-8080-exec-1 ] - [ DEBUG ] [ org.springframework.web.servlet.DispatcherServlet : 542 ] - enableLoggingRequestDetails='false': request parameters and headers will be masked to prevent unsafe logging of potentially sensitive data
2022-06-28 10:53:59.744 [ http-nio-8080-exec-1 ] - [ INFO  ] [ org.springframework.web.servlet.DispatcherServlet : 547 ] - Completed initialization in 3 ms
2022-06-28 10:53:59.753 [ http-nio-8080-exec-1 ] - [ DEBUG ] [ org.springframework.web.servlet.DispatcherServlet : 119 ] - GET "/menu", parameters={}
2022-06-28 10:53:59.773 [ http-nio-8080-exec-1 ] - [ DEBUG ] [ org.springframework.web.servlet.DispatcherServlet : 1101 ] - Failed to complete request: java.lang.IllegalArgumentException: When allowCredentials is true, allowedOrigins cannot contain the special value "*" since that cannot be set on the "Access-Control-Allow-Origin" response header. To allow credentials to a set of origins, list them explicitly or consider using "allowedOriginPatterns" instead.
2022-06-28 10:53:59.779 [ http-nio-8080-exec-1 ] - [ ERROR ] [ o.a.c.c.C.[.[localhost].[/].[dispatcherServlet] : 175 ] - Servlet.service() for servlet [dispatcherServlet] in context with path [] threw exception [Request processing failed; nested exception is java.lang.IllegalArgumentException: When allowCredentials is true, allowedOrigins cannot contain the special value "*" since that cannot be set on the "Access-Control-Allow-Origin" response header. To allow credentials to a set of origins, list them explicitly or consider using "allowedOriginPatterns" instead.] with root cause
java.lang.IllegalArgumentException: When allowCredentials is true, allowedOrigins cannot contain the special value "*" since that cannot be set on the "Access-Control-Allow-Origin" response header. To allow credentials to a set of origins, list them explicitly or consider using "allowedOriginPatterns" instead.
	at org.springframework.web.cors.CorsConfiguration.validateAllowCredentials(CorsConfiguration.java:473)
	at org.springframework.web.servlet.handler.AbstractHandlerMapping.getHandler(AbstractHandlerMapping.java:532)
	at org.springframework.web.servlet.DispatcherServlet.getHandler(DispatcherServlet.java:1261)
	at org.springframework.web.servlet.DispatcherServlet.doDispatch(DispatcherServlet.java:1043)
	at org.springframework.web.servlet.DispatcherServlet.doService(DispatcherServlet.java:963)
	at org.springframework.web.servlet.FrameworkServlet.processRequest(FrameworkServlet.java:1006)
	at org.springframework.web.servlet.FrameworkServlet.doGet(FrameworkServlet.java:898)
	at javax.servlet.http.HttpServlet.service(HttpServlet.java:655)
	at org.springframework.web.servlet.FrameworkServlet.service(FrameworkServlet.java:883)
	at javax.servlet.http.HttpServlet.service(HttpServlet.java:764)
	at org.apache.catalina.core.ApplicationFilterChain.internalDoFilter(ApplicationFilterChain.java:227)
	at org.apache.catalina.core.ApplicationFilterChain.doFilter(ApplicationFilterChain.java:162)
	at org.apache.tomcat.websocket.server.WsFilter.doFilter(WsFilter.java:53)
	at org.apache.catalina.core.ApplicationFilterChain.internalDoFilter(ApplicationFilterChain.java:189)
	at org.apache.catalina.core.ApplicationFilterChain.doFilter(ApplicationFilterChain.java:162)
	at org.springframework.web.filter.RequestContextFilter.doFilterInternal(RequestContextFilter.java:100)
	at org.springframework.web.filter.OncePerRequestFilter.doFilter(OncePerRequestFilter.java:117)
	at org.apache.catalina.core.ApplicationFilterChain.internalDoFilter(ApplicationFilterChain.java:189)
	at org.apache.catalina.core.ApplicationFilterChain.doFilter(ApplicationFilterChain.java:162)
	at org.springframework.web.filter.FormContentFilter.doFilterInternal(FormContentFilter.java:93)
	at org.springframework.web.filter.OncePerRequestFilter.doFilter(OncePerRequestFilter.java:117)
	at org.apache.catalina.core.ApplicationFilterChain.internalDoFilter(ApplicationFilterChain.java:189)
	at org.apache.catalina.core.ApplicationFilterChain.doFilter(ApplicationFilterChain.java:162)
	at org.springframework.web.filter.CharacterEncodingFilter.doFilterInternal(CharacterEncodingFilter.java:201)
	at org.springframework.web.filter.OncePerRequestFilter.doFilter(OncePerRequestFilter.java:117)
	at org.apache.catalina.core.ApplicationFilterChain.internalDoFilter(ApplicationFilterChain.java:189)
	at org.apache.catalina.core.ApplicationFilterChain.doFilter(ApplicationFilterChain.java:162)
	at org.apache.catalina.core.StandardWrapperValve.invoke(StandardWrapperValve.java:197)
	at org.apache.catalina.core.StandardContextValve.invoke(StandardContextValve.java:97)
	at org.apache.catalina.authenticator.AuthenticatorBase.invoke(AuthenticatorBase.java:541)
	at org.apache.catalina.core.StandardHostValve.invoke(StandardHostValve.java:135)
	at org.apache.catalina.valves.ErrorReportValve.invoke(ErrorReportValve.java:92)
	at org.apache.catalina.core.StandardEngineValve.invoke(StandardEngineValve.java:78)
	at org.apache.catalina.connector.CoyoteAdapter.service(CoyoteAdapter.java:360)
	at org.apache.coyote.http11.Http11Processor.service(Http11Processor.java:399)
	at org.apache.coyote.AbstractProcessorLight.process(AbstractProcessorLight.java:65)
	at org.apache.coyote.AbstractProtocol$ConnectionHandler.process(AbstractProtocol.java:890)
	at org.apache.tomcat.util.net.NioEndpoint$SocketProcessor.doRun(NioEndpoint.java:1743)
	at org.apache.tomcat.util.net.SocketProcessorBase.run(SocketProcessorBase.java:49)
	at org.apache.tomcat.util.threads.ThreadPoolExecutor.runWorker(ThreadPoolExecutor.java:1191)
	at org.apache.tomcat.util.threads.ThreadPoolExecutor$Worker.run(ThreadPoolExecutor.java:659)
	at org.apache.tomcat.util.threads.TaskThread$WrappingRunnable.run(TaskThread.java:61)
	at java.lang.Thread.run(Thread.java:750)
2022-06-28 10:53:59.783 [ http-nio-8080-exec-1 ] - [ DEBUG ] [ org.springframework.web.servlet.DispatcherServlet : 119 ] - "ERROR" dispatch for GET "/error", parameters={}
2022-06-28 10:53:59.787 [ http-nio-8080-exec-1 ] - [ DEBUG ] [ org.springframework.web.servlet.DispatcherServlet : 1094 ] - Unresolved failure from "ERROR" dispatch: java.lang.IllegalArgumentException: When allowCredentials is true, allowedOrigins cannot contain the special value "*" since that cannot be set on the "Access-Control-Allow-Origin" response header. To allow credentials to a set of origins, list them explicitly or consider using "allowedOriginPatterns" instead.
2022-06-28 10:53:59.787 [ http-nio-8080-exec-1 ] - [ ERROR ] [ o.a.c.c.C.[.[localhost].[/].[dispatcherServlet] : 175 ] - Servlet.service() for servlet [dispatcherServlet] threw exception
java.lang.IllegalArgumentException: When allowCredentials is true, allowedOrigins cannot contain the special value "*" since that cannot be set on the "Access-Control-Allow-Origin" response header. To allow credentials to a set of origins, list them explicitly or consider using "allowedOriginPatterns" instead.
	at org.springframework.web.cors.CorsConfiguration.validateAllowCredentials(CorsConfiguration.java:473)
	at org.springframework.web.servlet.handler.AbstractHandlerMapping.getHandler(AbstractHandlerMapping.java:532)
	at org.springframework.web.servlet.DispatcherServlet.getHandler(DispatcherServlet.java:1261)
	at org.springframework.web.servlet.DispatcherServlet.doDispatch(DispatcherServlet.java:1043)
	at org.springframework.web.servlet.DispatcherServlet.doService(DispatcherServlet.java:963)
	at org.springframework.web.servlet.FrameworkServlet.processRequest(FrameworkServlet.java:1006)
	at org.springframework.web.servlet.FrameworkServlet.doGet(FrameworkServlet.java:898)
	at javax.servlet.http.HttpServlet.service(HttpServlet.java:655)
	at org.springframework.web.servlet.FrameworkServlet.service(FrameworkServlet.java:883)
	at javax.servlet.http.HttpServlet.service(HttpServlet.java:764)
	at org.apache.catalina.core.ApplicationFilterChain.internalDoFilter(ApplicationFilterChain.java:227)
	at org.apache.catalina.core.ApplicationFilterChain.doFilter(ApplicationFilterChain.java:162)
	at org.springframework.web.filter.RequestContextFilter.doFilterInternal(RequestContextFilter.java:100)
	at org.springframework.web.filter.OncePerRequestFilter.doFilter(OncePerRequestFilter.java:117)
	at org.apache.catalina.core.ApplicationFilterChain.internalDoFilter(ApplicationFilterChain.java:189)
	at org.apache.catalina.core.ApplicationFilterChain.doFilter(ApplicationFilterChain.java:162)
	at org.springframework.web.filter.OncePerRequestFilter.doFilter(OncePerRequestFilter.java:102)
	at org.apache.catalina.core.ApplicationFilterChain.internalDoFilter(ApplicationFilterChain.java:189)
	at org.apache.catalina.core.ApplicationFilterChain.doFilter(ApplicationFilterChain.java:162)
	at org.springframework.web.filter.OncePerRequestFilter.doFilter(OncePerRequestFilter.java:102)
	at org.apache.catalina.core.ApplicationFilterChain.internalDoFilter(ApplicationFilterChain.java:189)
	at org.apache.catalina.core.ApplicationFilterChain.doFilter(ApplicationFilterChain.java:162)
	at org.apache.catalina.core.ApplicationDispatcher.invoke(ApplicationDispatcher.java:711)
	at org.apache.catalina.core.ApplicationDispatcher.processRequest(ApplicationDispatcher.java:461)
	at org.apache.catalina.core.ApplicationDispatcher.doForward(ApplicationDispatcher.java:385)
	at org.apache.catalina.core.ApplicationDispatcher.forward(ApplicationDispatcher.java:313)
	at org.apache.catalina.core.StandardHostValve.custom(StandardHostValve.java:403)
	at org.apache.catalina.core.StandardHostValve.status(StandardHostValve.java:249)
	at org.apache.catalina.core.StandardHostValve.throwable(StandardHostValve.java:344)
	at org.apache.catalina.core.StandardHostValve.invoke(StandardHostValve.java:169)
	at org.apache.catalina.valves.ErrorReportValve.invoke(ErrorReportValve.java:92)
	at org.apache.catalina.core.StandardEngineValve.invoke(StandardEngineValve.java:78)
	at org.apache.catalina.connector.CoyoteAdapter.service(CoyoteAdapter.java:360)
	at org.apache.coyote.http11.Http11Processor.service(Http11Processor.java:399)
	at org.apache.coyote.AbstractProcessorLight.process(AbstractProcessorLight.java:65)
	at org.apache.coyote.AbstractProtocol$ConnectionHandler.process(AbstractProtocol.java:890)
	at org.apache.tomcat.util.net.NioEndpoint$SocketProcessor.doRun(NioEndpoint.java:1743)
	at org.apache.tomcat.util.net.SocketProcessorBase.run(SocketProcessorBase.java:49)
	at org.apache.tomcat.util.threads.ThreadPoolExecutor.runWorker(ThreadPoolExecutor.java:1191)
	at org.apache.tomcat.util.threads.ThreadPoolExecutor$Worker.run(ThreadPoolExecutor.java:659)
	at org.apache.tomcat.util.threads.TaskThread$WrappingRunnable.run(TaskThread.java:61)
	at java.lang.Thread.run(Thread.java:750)
2022-06-28 10:53:59.788 [ http-nio-8080-exec-1 ] - [ ERROR ] [ o.a.c.core.ContainerBase.[Tomcat].[localhost] : 175 ] - Exception Processing ErrorPage[errorCode=0, location=/error]
org.springframework.web.util.NestedServletException: Request processing failed; nested exception is java.lang.IllegalArgumentException: When allowCredentials is true, allowedOrigins cannot contain the special value "*" since that cannot be set on the "Access-Control-Allow-Origin" response header. To allow credentials to a set of origins, list them explicitly or consider using "allowedOriginPatterns" instead.
	at org.springframework.web.servlet.FrameworkServlet.processRequest(FrameworkServlet.java:1014)
	at org.springframework.web.servlet.FrameworkServlet.doGet(FrameworkServlet.java:898)
	at javax.servlet.http.HttpServlet.service(HttpServlet.java:655)
	at org.springframework.web.servlet.FrameworkServlet.service(FrameworkServlet.java:883)
	at javax.servlet.http.HttpServlet.service(HttpServlet.java:764)
	at org.apache.catalina.core.ApplicationFilterChain.internalDoFilter(ApplicationFilterChain.java:227)
	at org.apache.catalina.core.ApplicationFilterChain.doFilter(ApplicationFilterChain.java:162)
	at org.springframework.web.filter.RequestContextFilter.doFilterInternal(RequestContextFilter.java:100)
	at org.springframework.web.filter.OncePerRequestFilter.doFilter(OncePerRequestFilter.java:117)
	at org.apache.catalina.core.ApplicationFilterChain.internalDoFilter(ApplicationFilterChain.java:189)
	at org.apache.catalina.core.ApplicationFilterChain.doFilter(ApplicationFilterChain.java:162)
	at org.springframework.web.filter.OncePerRequestFilter.doFilter(OncePerRequestFilter.java:102)
	at org.apache.catalina.core.ApplicationFilterChain.internalDoFilter(ApplicationFilterChain.java:189)
	at org.apache.catalina.core.ApplicationFilterChain.doFilter(ApplicationFilterChain.java:162)
	at org.springframework.web.filter.OncePerRequestFilter.doFilter(OncePerRequestFilter.java:102)
	at org.apache.catalina.core.ApplicationFilterChain.internalDoFilter(ApplicationFilterChain.java:189)
	at org.apache.catalina.core.ApplicationFilterChain.doFilter(ApplicationFilterChain.java:162)
	at org.apache.catalina.core.ApplicationDispatcher.invoke(ApplicationDispatcher.java:711)
	at org.apache.catalina.core.ApplicationDispatcher.processRequest(ApplicationDispatcher.java:461)
	at org.apache.catalina.core.ApplicationDispatcher.doForward(ApplicationDispatcher.java:385)
	at org.apache.catalina.core.ApplicationDispatcher.forward(ApplicationDispatcher.java:313)
	at org.apache.catalina.core.StandardHostValve.custom(StandardHostValve.java:403)
	at org.apache.catalina.core.StandardHostValve.status(StandardHostValve.java:249)
	at org.apache.catalina.core.StandardHostValve.throwable(StandardHostValve.java:344)
	at org.apache.catalina.core.StandardHostValve.invoke(StandardHostValve.java:169)
	at org.apache.catalina.valves.ErrorReportValve.invoke(ErrorReportValve.java:92)
	at org.apache.catalina.core.StandardEngineValve.invoke(StandardEngineValve.java:78)
	at org.apache.catalina.connector.CoyoteAdapter.service(CoyoteAdapter.java:360)
	at org.apache.coyote.http11.Http11Processor.service(Http11Processor.java:399)
	at org.apache.coyote.AbstractProcessorLight.process(AbstractProcessorLight.java:65)
	at org.apache.coyote.AbstractProtocol$ConnectionHandler.process(AbstractProtocol.java:890)
	at org.apache.tomcat.util.net.NioEndpoint$SocketProcessor.doRun(NioEndpoint.java:1743)
	at org.apache.tomcat.util.net.SocketProcessorBase.run(SocketProcessorBase.java:49)
	at org.apache.tomcat.util.threads.ThreadPoolExecutor.runWorker(ThreadPoolExecutor.java:1191)
	at org.apache.tomcat.util.threads.ThreadPoolExecutor$Worker.run(ThreadPoolExecutor.java:659)
	at org.apache.tomcat.util.threads.TaskThread$WrappingRunnable.run(TaskThread.java:61)
	at java.lang.Thread.run(Thread.java:750)
Caused by: java.lang.IllegalArgumentException: When allowCredentials is true, allowedOrigins cannot contain the special value "*" since that cannot be set on the "Access-Control-Allow-Origin" response header. To allow credentials to a set of origins, list them explicitly or consider using "allowedOriginPatterns" instead.
	at org.springframework.web.cors.CorsConfiguration.validateAllowCredentials(CorsConfiguration.java:473)
	at org.springframework.web.servlet.handler.AbstractHandlerMapping.getHandler(AbstractHandlerMapping.java:532)
	at org.springframework.web.servlet.DispatcherServlet.getHandler(DispatcherServlet.java:1261)
	at org.springframework.web.servlet.DispatcherServlet.doDispatch(DispatcherServlet.java:1043)
	at org.springframework.web.servlet.DispatcherServlet.doService(DispatcherServlet.java:963)
	at org.springframework.web.servlet.FrameworkServlet.processRequest(FrameworkServlet.java:1006)
	... 36 common frames omitted
2022-06-28 10:56:02.858 [ main ] - [ INFO  ] [ com.hm.moc.shop.ShopApplication : 55 ] - Starting ShopApplication using Java 1.8.0_322 on moc with PID 14032 (C:\Users\moc\Desktop\shop\target\classes started by moc in C:\Users\moc\Desktop\shop)
2022-06-28 10:56:02.862 [ main ] - [ INFO  ] [ com.hm.moc.shop.ShopApplication : 634 ] - No active profile set, falling back to 1 default profile: "default"
2022-06-28 10:56:03.857 [ main ] - [ INFO  ] [ o.s.boot.web.embedded.tomcat.TomcatWebServer : 108 ] - Tomcat initialized with port(s): 8080 (http)
2022-06-28 10:56:03.866 [ main ] - [ INFO  ] [ org.apache.coyote.http11.Http11NioProtocol : 173 ] - Initializing ProtocolHandler ["http-nio-8080"]
2022-06-28 10:56:03.867 [ main ] - [ INFO  ] [ org.apache.catalina.core.StandardService : 173 ] - Starting service [Tomcat]
2022-06-28 10:56:03.867 [ main ] - [ INFO  ] [ org.apache.catalina.core.StandardEngine : 173 ] - Starting Servlet engine: [Apache Tomcat/9.0.63]
2022-06-28 10:56:03.960 [ main ] - [ INFO  ] [ o.a.c.core.ContainerBase.[Tomcat].[localhost].[/] : 173 ] - Initializing Spring embedded WebApplicationContext
2022-06-28 10:56:03.961 [ main ] - [ INFO  ] [ o.s.b.w.s.c.ServletWebServerApplicationContext : 292 ] - Root WebApplicationContext: initialization completed in 1055 ms
2022-06-28 10:56:04.536 [ main ] - [ INFO  ] [ org.apache.coyote.http11.Http11NioProtocol : 173 ] - Starting ProtocolHandler ["http-nio-8080"]
2022-06-28 10:56:04.552 [ main ] - [ INFO  ] [ o.s.boot.web.embedded.tomcat.TomcatWebServer : 220 ] - Tomcat started on port(s): 8080 (http) with context path ''
2022-06-28 10:56:04.563 [ main ] - [ INFO  ] [ com.hm.moc.shop.ShopApplication : 61 ] - Started ShopApplication in 2.315 seconds (JVM running for 3.069)
2022-06-28 10:56:20.032 [ http-nio-8080-exec-1 ] - [ INFO  ] [ o.a.c.core.ContainerBase.[Tomcat].[localhost].[/] : 173 ] - Initializing Spring DispatcherServlet 'dispatcherServlet'
2022-06-28 10:56:20.032 [ http-nio-8080-exec-1 ] - [ INFO  ] [ org.springframework.web.servlet.DispatcherServlet : 525 ] - Initializing Servlet 'dispatcherServlet'
2022-06-28 10:56:20.033 [ http-nio-8080-exec-1 ] - [ DEBUG ] [ org.springframework.web.servlet.DispatcherServlet : 520 ] - Detected StandardServletMultipartResolver
2022-06-28 10:56:20.033 [ http-nio-8080-exec-1 ] - [ DEBUG ] [ org.springframework.web.servlet.DispatcherServlet : 544 ] - Detected AcceptHeaderLocaleResolver
2022-06-28 10:56:20.033 [ http-nio-8080-exec-1 ] - [ DEBUG ] [ org.springframework.web.servlet.DispatcherServlet : 569 ] - Detected FixedThemeResolver
2022-06-28 10:56:20.034 [ http-nio-8080-exec-1 ] - [ DEBUG ] [ org.springframework.web.servlet.DispatcherServlet : 719 ] - Detected org.springframework.web.servlet.view.DefaultRequestToViewNameTranslator@17043e44
2022-06-28 10:56:20.035 [ http-nio-8080-exec-1 ] - [ DEBUG ] [ org.springframework.web.servlet.DispatcherServlet : 783 ] - Detected org.springframework.web.servlet.support.SessionFlashMapManager@34a4001b
2022-06-28 10:56:20.035 [ http-nio-8080-exec-1 ] - [ DEBUG ] [ org.springframework.web.servlet.DispatcherServlet : 542 ] - enableLoggingRequestDetails='false': request parameters and headers will be masked to prevent unsafe logging of potentially sensitive data
2022-06-28 10:56:20.035 [ http-nio-8080-exec-1 ] - [ INFO  ] [ org.springframework.web.servlet.DispatcherServlet : 547 ] - Completed initialization in 2 ms
2022-06-28 10:56:20.044 [ http-nio-8080-exec-1 ] - [ DEBUG ] [ org.springframework.web.servlet.DispatcherServlet : 119 ] - GET "/menu", parameters={}
2022-06-28 10:56:20.116 [ http-nio-8080-exec-1 ] - [ DEBUG ] [ org.springframework.web.servlet.DispatcherServlet : 1131 ] - Completed 200 OK
2022-06-28 10:56:20.618 [ http-nio-8080-exec-3 ] - [ DEBUG ] [ org.springframework.web.servlet.DispatcherServlet : 119 ] - GET "/menu", parameters={}
2022-06-28 10:56:20.620 [ http-nio-8080-exec-3 ] - [ DEBUG ] [ org.springframework.web.servlet.DispatcherServlet : 1131 ] - Completed 200 OK
2022-06-28 10:59:43.288 [ main ] - [ INFO  ] [ com.hm.moc.shop.ShopApplication : 55 ] - Starting ShopApplication using Java 1.8.0_322 on moc with PID 1272 (C:\Users\moc\Desktop\shop\target\classes started by moc in C:\Users\moc\Desktop\shop)
2022-06-28 10:59:43.304 [ main ] - [ INFO  ] [ com.hm.moc.shop.ShopApplication : 634 ] - No active profile set, falling back to 1 default profile: "default"
2022-06-28 10:59:44.610 [ main ] - [ INFO  ] [ o.s.boot.web.embedded.tomcat.TomcatWebServer : 108 ] - Tomcat initialized with port(s): 8080 (http)
2022-06-28 10:59:44.625 [ main ] - [ INFO  ] [ org.apache.coyote.http11.Http11NioProtocol : 173 ] - Initializing ProtocolHandler ["http-nio-8080"]
2022-06-28 10:59:44.625 [ main ] - [ INFO  ] [ org.apache.catalina.core.StandardService : 173 ] - Starting service [Tomcat]
2022-06-28 10:59:44.625 [ main ] - [ INFO  ] [ org.apache.catalina.core.StandardEngine : 173 ] - Starting Servlet engine: [Apache Tomcat/9.0.63]
2022-06-28 10:59:44.719 [ main ] - [ INFO  ] [ o.a.c.core.ContainerBase.[Tomcat].[localhost].[/] : 173 ] - Initializing Spring embedded WebApplicationContext
2022-06-28 10:59:44.719 [ main ] - [ INFO  ] [ o.s.b.w.s.c.ServletWebServerApplicationContext : 292 ] - Root WebApplicationContext: initialization completed in 1368 ms
2022-06-28 10:59:45.371 [ main ] - [ INFO  ] [ org.apache.coyote.http11.Http11NioProtocol : 173 ] - Starting ProtocolHandler ["http-nio-8080"]
2022-06-28 10:59:45.388 [ main ] - [ INFO  ] [ o.s.boot.web.embedded.tomcat.TomcatWebServer : 220 ] - Tomcat started on port(s): 8080 (http) with context path ''
2022-06-28 10:59:45.399 [ main ] - [ INFO  ] [ com.hm.moc.shop.ShopApplication : 61 ] - Started ShopApplication in 2.711 seconds (JVM running for 3.539)
2022-06-28 10:59:56.608 [ http-nio-8080-exec-1 ] - [ INFO  ] [ o.a.c.core.ContainerBase.[Tomcat].[localhost].[/] : 173 ] - Initializing Spring DispatcherServlet 'dispatcherServlet'
2022-06-28 10:59:56.608 [ http-nio-8080-exec-1 ] - [ INFO  ] [ org.springframework.web.servlet.DispatcherServlet : 525 ] - Initializing Servlet 'dispatcherServlet'
2022-06-28 10:59:56.609 [ http-nio-8080-exec-1 ] - [ DEBUG ] [ org.springframework.web.servlet.DispatcherServlet : 520 ] - Detected StandardServletMultipartResolver
2022-06-28 10:59:56.609 [ http-nio-8080-exec-1 ] - [ DEBUG ] [ org.springframework.web.servlet.DispatcherServlet : 544 ] - Detected AcceptHeaderLocaleResolver
2022-06-28 10:59:56.609 [ http-nio-8080-exec-1 ] - [ DEBUG ] [ org.springframework.web.servlet.DispatcherServlet : 569 ] - Detected FixedThemeResolver
2022-06-28 10:59:56.610 [ http-nio-8080-exec-1 ] - [ DEBUG ] [ org.springframework.web.servlet.DispatcherServlet : 719 ] - Detected org.springframework.web.servlet.view.DefaultRequestToViewNameTranslator@41318a0f
2022-06-28 10:59:56.611 [ http-nio-8080-exec-1 ] - [ DEBUG ] [ org.springframework.web.servlet.DispatcherServlet : 783 ] - Detected org.springframework.web.servlet.support.SessionFlashMapManager@1e3c9c08
2022-06-28 10:59:56.611 [ http-nio-8080-exec-1 ] - [ DEBUG ] [ org.springframework.web.servlet.DispatcherServlet : 542 ] - enableLoggingRequestDetails='false': request parameters and headers will be masked to prevent unsafe logging of potentially sensitive data
2022-06-28 10:59:56.611 [ http-nio-8080-exec-1 ] - [ INFO  ] [ org.springframework.web.servlet.DispatcherServlet : 547 ] - Completed initialization in 2 ms
2022-06-28 10:59:56.622 [ http-nio-8080-exec-1 ] - [ DEBUG ] [ org.springframework.web.servlet.DispatcherServlet : 119 ] - GET "/menu", parameters={}
2022-06-28 10:59:56.694 [ http-nio-8080-exec-1 ] - [ DEBUG ] [ org.springframework.web.servlet.DispatcherServlet : 1131 ] - Completed 200 OK
2022-06-28 10:59:57.281 [ http-nio-8080-exec-2 ] - [ DEBUG ] [ org.springframework.web.servlet.DispatcherServlet : 119 ] - GET "/menu", parameters={}
2022-06-28 10:59:57.284 [ http-nio-8080-exec-2 ] - [ DEBUG ] [ org.springframework.web.servlet.DispatcherServlet : 1131 ] - Completed 200 OK
2022-06-28 11:20:48.784 [ main ] - [ INFO  ] [ com.hm.moc.shop.ShopApplication : 55 ] - Starting ShopApplication using Java 1.8.0_322 on moc with PID 7596 (C:\Users\moc\Desktop\shop\target\classes started by moc in C:\Users\moc\Desktop\shop)
2022-06-28 11:20:48.788 [ main ] - [ INFO  ] [ com.hm.moc.shop.ShopApplication : 634 ] - No active profile set, falling back to 1 default profile: "default"
2022-06-28 11:20:50.037 [ main ] - [ INFO  ] [ o.s.boot.web.embedded.tomcat.TomcatWebServer : 108 ] - Tomcat initialized with port(s): 8080 (http)
2022-06-28 11:20:50.047 [ main ] - [ INFO  ] [ org.apache.coyote.http11.Http11NioProtocol : 173 ] - Initializing ProtocolHandler ["http-nio-8080"]
2022-06-28 11:20:50.048 [ main ] - [ INFO  ] [ org.apache.catalina.core.StandardService : 173 ] - Starting service [Tomcat]
2022-06-28 11:20:50.049 [ main ] - [ INFO  ] [ org.apache.catalina.core.StandardEngine : 173 ] - Starting Servlet engine: [Apache Tomcat/9.0.63]
2022-06-28 11:20:50.146 [ main ] - [ INFO  ] [ o.a.c.core.ContainerBase.[Tomcat].[localhost].[/] : 173 ] - Initializing Spring embedded WebApplicationContext
2022-06-28 11:20:50.146 [ main ] - [ INFO  ] [ o.s.b.w.s.c.ServletWebServerApplicationContext : 292 ] - Root WebApplicationContext: initialization completed in 1306 ms
2022-06-28 11:20:50.827 [ main ] - [ INFO  ] [ org.apache.coyote.http11.Http11NioProtocol : 173 ] - Starting ProtocolHandler ["http-nio-8080"]
2022-06-28 11:20:50.852 [ main ] - [ INFO  ] [ o.s.boot.web.embedded.tomcat.TomcatWebServer : 220 ] - Tomcat started on port(s): 8080 (http) with context path ''
2022-06-28 11:20:50.862 [ main ] - [ INFO  ] [ com.hm.moc.shop.ShopApplication : 61 ] - Started ShopApplication in 2.697 seconds (JVM running for 3.459)
2022-06-28 11:21:21.435 [ main ] - [ INFO  ] [ com.hm.moc.shop.ShopApplication : 55 ] - Starting ShopApplication using Java 1.8.0_322 on moc with PID 7272 (C:\Users\moc\Desktop\shop\target\classes started by moc in C:\Users\moc\Desktop\shop)
2022-06-28 11:21:21.441 [ main ] - [ INFO  ] [ com.hm.moc.shop.ShopApplication : 634 ] - No active profile set, falling back to 1 default profile: "default"
2022-06-28 11:21:22.701 [ main ] - [ INFO  ] [ o.s.boot.web.embedded.tomcat.TomcatWebServer : 108 ] - Tomcat initialized with port(s): 8080 (http)
2022-06-28 11:21:22.712 [ main ] - [ INFO  ] [ org.apache.coyote.http11.Http11NioProtocol : 173 ] - Initializing ProtocolHandler ["http-nio-8080"]
2022-06-28 11:21:22.713 [ main ] - [ INFO  ] [ org.apache.catalina.core.StandardService : 173 ] - Starting service [Tomcat]
2022-06-28 11:21:22.713 [ main ] - [ INFO  ] [ org.apache.catalina.core.StandardEngine : 173 ] - Starting Servlet engine: [Apache Tomcat/9.0.63]
2022-06-28 11:21:22.827 [ main ] - [ INFO  ] [ o.a.c.core.ContainerBase.[Tomcat].[localhost].[/] : 173 ] - Initializing Spring embedded WebApplicationContext
2022-06-28 11:21:22.827 [ main ] - [ INFO  ] [ o.s.b.w.s.c.ServletWebServerApplicationContext : 292 ] - Root WebApplicationContext: initialization completed in 1325 ms
2022-06-28 11:21:23.425 [ main ] - [ INFO  ] [ org.apache.coyote.http11.Http11NioProtocol : 173 ] - Starting ProtocolHandler ["http-nio-8080"]
2022-06-28 11:21:23.440 [ main ] - [ INFO  ] [ o.s.boot.web.embedded.tomcat.TomcatWebServer : 220 ] - Tomcat started on port(s): 8080 (http) with context path ''
2022-06-28 11:21:23.449 [ main ] - [ INFO  ] [ com.hm.moc.shop.ShopApplication : 61 ] - Started ShopApplication in 2.748 seconds (JVM running for 3.625)
2022-06-28 11:32:51.089 [ main ] - [ INFO  ] [ com.hm.moc.shop.ShopApplication : 55 ] - Starting ShopApplication using Java 1.8.0_322 on moc with PID 3384 (C:\Users\moc\Desktop\shop\target\classes started by moc in C:\Users\moc\Desktop\shop)
2022-06-28 11:32:51.092 [ main ] - [ INFO  ] [ com.hm.moc.shop.ShopApplication : 634 ] - No active profile set, falling back to 1 default profile: "default"
2022-06-28 11:32:52.186 [ main ] - [ INFO  ] [ o.s.boot.web.embedded.tomcat.TomcatWebServer : 108 ] - Tomcat initialized with port(s): 8080 (http)
2022-06-28 11:32:52.195 [ main ] - [ INFO  ] [ org.apache.coyote.http11.Http11NioProtocol : 173 ] - Initializing ProtocolHandler ["http-nio-8080"]
2022-06-28 11:32:52.196 [ main ] - [ INFO  ] [ org.apache.catalina.core.StandardService : 173 ] - Starting service [Tomcat]
2022-06-28 11:32:52.197 [ main ] - [ INFO  ] [ org.apache.catalina.core.StandardEngine : 173 ] - Starting Servlet engine: [Apache Tomcat/9.0.63]
2022-06-28 11:32:52.295 [ main ] - [ INFO  ] [ o.a.c.core.ContainerBase.[Tomcat].[localhost].[/] : 173 ] - Initializing Spring embedded WebApplicationContext
2022-06-28 11:32:52.296 [ main ] - [ INFO  ] [ o.s.b.w.s.c.ServletWebServerApplicationContext : 292 ] - Root WebApplicationContext: initialization completed in 1164 ms
2022-06-28 11:32:52.916 [ main ] - [ INFO  ] [ org.apache.coyote.http11.Http11NioProtocol : 173 ] - Starting ProtocolHandler ["http-nio-8080"]
2022-06-28 11:32:52.932 [ main ] - [ INFO  ] [ o.s.boot.web.embedded.tomcat.TomcatWebServer : 220 ] - Tomcat started on port(s): 8080 (http) with context path ''
2022-06-28 11:32:52.944 [ main ] - [ INFO  ] [ com.hm.moc.shop.ShopApplication : 61 ] - Started ShopApplication in 2.482 seconds (JVM running for 3.265)
2022-06-28 11:41:06.849 [ main ] - [ INFO  ] [ com.hm.moc.shop.ShopApplication : 55 ] - Starting ShopApplication using Java 1.8.0_322 on moc with PID 12332 (C:\Users\moc\Desktop\shop\target\classes started by moc in C:\Users\moc\Desktop\shop)
2022-06-28 11:41:06.855 [ main ] - [ INFO  ] [ com.hm.moc.shop.ShopApplication : 634 ] - No active profile set, falling back to 1 default profile: "default"
2022-06-28 11:41:08.391 [ main ] - [ INFO  ] [ o.s.boot.web.embedded.tomcat.TomcatWebServer : 108 ] - Tomcat initialized with port(s): 8080 (http)
2022-06-28 11:41:08.406 [ main ] - [ INFO  ] [ org.apache.coyote.http11.Http11NioProtocol : 173 ] - Initializing ProtocolHandler ["http-nio-8080"]
2022-06-28 11:41:08.407 [ main ] - [ INFO  ] [ org.apache.catalina.core.StandardService : 173 ] - Starting service [Tomcat]
2022-06-28 11:41:08.408 [ main ] - [ INFO  ] [ org.apache.catalina.core.StandardEngine : 173 ] - Starting Servlet engine: [Apache Tomcat/9.0.63]
2022-06-28 11:41:08.512 [ main ] - [ INFO  ] [ o.a.c.core.ContainerBase.[Tomcat].[localhost].[/] : 173 ] - Initializing Spring embedded WebApplicationContext
2022-06-28 11:41:08.512 [ main ] - [ INFO  ] [ o.s.b.w.s.c.ServletWebServerApplicationContext : 292 ] - Root WebApplicationContext: initialization completed in 1590 ms
2022-06-28 11:41:09.124 [ main ] - [ INFO  ] [ org.apache.coyote.http11.Http11NioProtocol : 173 ] - Starting ProtocolHandler ["http-nio-8080"]
2022-06-28 11:41:09.139 [ main ] - [ INFO  ] [ o.s.boot.web.embedded.tomcat.TomcatWebServer : 220 ] - Tomcat started on port(s): 8080 (http) with context path ''
2022-06-28 11:41:09.148 [ main ] - [ INFO  ] [ com.hm.moc.shop.ShopApplication : 61 ] - Started ShopApplication in 2.915 seconds (JVM running for 3.679)
2022-06-28 16:57:54.408 [ main ] - [ INFO  ] [ com.hm.moc.shop.ShopApplication : 55 ] - Starting ShopApplication using Java 1.8.0_322 on moc with PID 12136 (C:\Users\moc\Desktop\shop\target\classes started by moc in C:\Users\moc\Desktop\shop)
2022-06-28 16:57:54.412 [ main ] - [ INFO  ] [ com.hm.moc.shop.ShopApplication : 634 ] - No active profile set, falling back to 1 default profile: "default"
2022-06-28 16:57:56.358 [ main ] - [ INFO  ] [ o.s.boot.web.embedded.tomcat.TomcatWebServer : 108 ] - Tomcat initialized with port(s): 8080 (http)
2022-06-28 16:57:56.372 [ main ] - [ INFO  ] [ org.apache.coyote.http11.Http11NioProtocol : 173 ] - Initializing ProtocolHandler ["http-nio-8080"]
2022-06-28 16:57:56.375 [ main ] - [ INFO  ] [ org.apache.catalina.core.StandardService : 173 ] - Starting service [Tomcat]
2022-06-28 16:57:56.376 [ main ] - [ INFO  ] [ org.apache.catalina.core.StandardEngine : 173 ] - Starting Servlet engine: [Apache Tomcat/9.0.63]
2022-06-28 16:57:56.553 [ main ] - [ INFO  ] [ o.a.c.core.ContainerBase.[Tomcat].[localhost].[/] : 173 ] - Initializing Spring embedded WebApplicationContext
2022-06-28 16:57:56.553 [ main ] - [ INFO  ] [ o.s.b.w.s.c.ServletWebServerApplicationContext : 292 ] - Root WebApplicationContext: initialization completed in 2074 ms
2022-06-28 16:57:57.480 [ main ] - [ INFO  ] [ org.apache.coyote.http11.Http11NioProtocol : 173 ] - Starting ProtocolHandler ["http-nio-8080"]
2022-06-28 16:57:57.505 [ main ] - [ INFO  ] [ o.s.boot.web.embedded.tomcat.TomcatWebServer : 220 ] - Tomcat started on port(s): 8080 (http) with context path ''
2022-06-28 16:57:57.515 [ main ] - [ INFO  ] [ com.hm.moc.shop.ShopApplication : 61 ] - Started ShopApplication in 4.014 seconds (JVM running for 5.506)
2022-06-28 16:58:08.717 [ http-nio-8080-exec-1 ] - [ INFO  ] [ o.a.c.core.ContainerBase.[Tomcat].[localhost].[/] : 173 ] - Initializing Spring DispatcherServlet 'dispatcherServlet'
2022-06-28 16:58:08.718 [ http-nio-8080-exec-1 ] - [ INFO  ] [ org.springframework.web.servlet.DispatcherServlet : 525 ] - Initializing Servlet 'dispatcherServlet'
2022-06-28 16:58:08.718 [ http-nio-8080-exec-1 ] - [ DEBUG ] [ org.springframework.web.servlet.DispatcherServlet : 520 ] - Detected StandardServletMultipartResolver
2022-06-28 16:58:08.718 [ http-nio-8080-exec-1 ] - [ DEBUG ] [ org.springframework.web.servlet.DispatcherServlet : 544 ] - Detected AcceptHeaderLocaleResolver
2022-06-28 16:58:08.719 [ http-nio-8080-exec-1 ] - [ DEBUG ] [ org.springframework.web.servlet.DispatcherServlet : 569 ] - Detected FixedThemeResolver
2022-06-28 16:58:08.720 [ http-nio-8080-exec-1 ] - [ DEBUG ] [ org.springframework.web.servlet.DispatcherServlet : 719 ] - Detected org.springframework.web.servlet.view.DefaultRequestToViewNameTranslator@3b5f7b8e
2022-06-28 16:58:08.720 [ http-nio-8080-exec-1 ] - [ DEBUG ] [ org.springframework.web.servlet.DispatcherServlet : 783 ] - Detected org.springframework.web.servlet.support.SessionFlashMapManager@14e4e470
2022-06-28 16:58:08.721 [ http-nio-8080-exec-1 ] - [ DEBUG ] [ org.springframework.web.servlet.DispatcherServlet : 542 ] - enableLoggingRequestDetails='false': request parameters and headers will be masked to prevent unsafe logging of potentially sensitive data
2022-06-28 16:58:08.721 [ http-nio-8080-exec-1 ] - [ INFO  ] [ org.springframework.web.servlet.DispatcherServlet : 547 ] - Completed initialization in 3 ms
2022-06-28 16:58:08.736 [ http-nio-8080-exec-1 ] - [ DEBUG ] [ org.springframework.web.servlet.DispatcherServlet : 119 ] - GET "/menu", parameters={}
2022-06-28 16:58:08.788 [ http-nio-8080-exec-1 ] - [ DEBUG ] [ org.springframework.web.servlet.DispatcherServlet : 1131 ] - Completed 200 OK
2022-06-28 16:58:08.837 [ http-nio-8080-exec-2 ] - [ DEBUG ] [ org.springframework.web.servlet.DispatcherServlet : 119 ] - GET "/favicon.ico", parameters={}
2022-06-28 16:58:08.847 [ http-nio-8080-exec-2 ] - [ DEBUG ] [ org.springframework.web.servlet.DispatcherServlet : 1131 ] - Completed 404 NOT_FOUND
2022-06-28 16:58:08.852 [ http-nio-8080-exec-2 ] - [ DEBUG ] [ org.springframework.web.servlet.DispatcherServlet : 119 ] - "ERROR" dispatch for GET "/error", parameters={}
2022-06-28 16:58:08.918 [ http-nio-8080-exec-2 ] - [ DEBUG ] [ org.springframework.web.servlet.DispatcherServlet : 1127 ] - Exiting from "ERROR" dispatch, status 404
2022-06-28 17:04:47.939 [ main ] - [ INFO  ] [ com.hm.moc.shop.ShopApplication : 55 ] - Starting ShopApplication using Java 1.8.0_322 on moc with PID 11108 (C:\Users\moc\Desktop\shop\target\classes started by moc in C:\Users\moc\Desktop\shop)
2022-06-28 17:04:47.945 [ main ] - [ INFO  ] [ com.hm.moc.shop.ShopApplication : 634 ] - No active profile set, falling back to 1 default profile: "default"
2022-06-28 17:04:49.333 [ main ] - [ INFO  ] [ o.s.boot.web.embedded.tomcat.TomcatWebServer : 108 ] - Tomcat initialized with port(s): 8080 (http)
2022-06-28 17:04:49.342 [ main ] - [ INFO  ] [ org.apache.coyote.http11.Http11NioProtocol : 173 ] - Initializing ProtocolHandler ["http-nio-8080"]
2022-06-28 17:04:49.343 [ main ] - [ INFO  ] [ org.apache.catalina.core.StandardService : 173 ] - Starting service [Tomcat]
2022-06-28 17:04:49.343 [ main ] - [ INFO  ] [ org.apache.catalina.core.StandardEngine : 173 ] - Starting Servlet engine: [Apache Tomcat/9.0.63]
2022-06-28 17:04:49.436 [ main ] - [ INFO  ] [ o.a.c.core.ContainerBase.[Tomcat].[localhost].[/] : 173 ] - Initializing Spring embedded WebApplicationContext
2022-06-28 17:04:49.436 [ main ] - [ INFO  ] [ o.s.b.w.s.c.ServletWebServerApplicationContext : 292 ] - Root WebApplicationContext: initialization completed in 1426 ms
2022-06-28 17:04:50.045 [ main ] - [ INFO  ] [ org.apache.coyote.http11.Http11NioProtocol : 173 ] - Starting ProtocolHandler ["http-nio-8080"]
2022-06-28 17:04:50.062 [ main ] - [ INFO  ] [ o.s.boot.web.embedded.tomcat.TomcatWebServer : 220 ] - Tomcat started on port(s): 8080 (http) with context path ''
2022-06-28 17:04:50.071 [ main ] - [ INFO  ] [ com.hm.moc.shop.ShopApplication : 61 ] - Started ShopApplication in 3.039 seconds (JVM running for 4.239)
2022-06-28 17:05:08.961 [ http-nio-8080-exec-1 ] - [ INFO  ] [ o.a.c.core.ContainerBase.[Tomcat].[localhost].[/] : 173 ] - Initializing Spring DispatcherServlet 'dispatcherServlet'
2022-06-28 17:05:08.963 [ http-nio-8080-exec-1 ] - [ INFO  ] [ org.springframework.web.servlet.DispatcherServlet : 525 ] - Initializing Servlet 'dispatcherServlet'
2022-06-28 17:05:08.964 [ http-nio-8080-exec-1 ] - [ DEBUG ] [ org.springframework.web.servlet.DispatcherServlet : 520 ] - Detected StandardServletMultipartResolver
2022-06-28 17:05:08.965 [ http-nio-8080-exec-1 ] - [ DEBUG ] [ org.springframework.web.servlet.DispatcherServlet : 544 ] - Detected AcceptHeaderLocaleResolver
2022-06-28 17:05:08.966 [ http-nio-8080-exec-1 ] - [ DEBUG ] [ org.springframework.web.servlet.DispatcherServlet : 569 ] - Detected FixedThemeResolver
2022-06-28 17:05:08.968 [ http-nio-8080-exec-1 ] - [ DEBUG ] [ org.springframework.web.servlet.DispatcherServlet : 719 ] - Detected org.springframework.web.servlet.view.DefaultRequestToViewNameTranslator@7604a198
2022-06-28 17:05:08.969 [ http-nio-8080-exec-1 ] - [ DEBUG ] [ org.springframework.web.servlet.DispatcherServlet : 783 ] - Detected org.springframework.web.servlet.support.SessionFlashMapManager@1d156615
2022-06-28 17:05:08.969 [ http-nio-8080-exec-1 ] - [ DEBUG ] [ org.springframework.web.servlet.DispatcherServlet : 542 ] - enableLoggingRequestDetails='false': request parameters and headers will be masked to prevent unsafe logging of potentially sensitive data
2022-06-28 17:05:08.969 [ http-nio-8080-exec-1 ] - [ INFO  ] [ org.springframework.web.servlet.DispatcherServlet : 547 ] - Completed initialization in 5 ms
2022-06-28 17:05:08.983 [ http-nio-8080-exec-1 ] - [ DEBUG ] [ org.springframework.web.servlet.DispatcherServlet : 119 ] - GET "/menu", parameters={}
2022-06-28 17:05:09.029 [ http-nio-8080-exec-1 ] - [ DEBUG ] [ org.springframework.web.servlet.DispatcherServlet : 1131 ] - Completed 200 OK
2022-06-28 17:05:39.924 [ main ] - [ INFO  ] [ com.hm.moc.shop.ShopApplication : 55 ] - Starting ShopApplication using Java 1.8.0_322 on moc with PID 16772 (C:\Users\moc\Desktop\shop\target\classes started by moc in C:\Users\moc\Desktop\shop)
2022-06-28 17:05:39.932 [ main ] - [ INFO  ] [ com.hm.moc.shop.ShopApplication : 634 ] - No active profile set, falling back to 1 default profile: "default"
2022-06-28 17:05:41.488 [ main ] - [ INFO  ] [ o.s.boot.web.embedded.tomcat.TomcatWebServer : 108 ] - Tomcat initialized with port(s): 8080 (http)
2022-06-28 17:05:41.499 [ main ] - [ INFO  ] [ org.apache.coyote.http11.Http11NioProtocol : 173 ] - Initializing ProtocolHandler ["http-nio-8080"]
2022-06-28 17:05:41.500 [ main ] - [ INFO  ] [ org.apache.catalina.core.StandardService : 173 ] - Starting service [Tomcat]
2022-06-28 17:05:41.500 [ main ] - [ INFO  ] [ org.apache.catalina.core.StandardEngine : 173 ] - Starting Servlet engine: [Apache Tomcat/9.0.63]
2022-06-28 17:05:41.599 [ main ] - [ INFO  ] [ o.a.c.core.ContainerBase.[Tomcat].[localhost].[/] : 173 ] - Initializing Spring embedded WebApplicationContext
2022-06-28 17:05:41.599 [ main ] - [ INFO  ] [ o.s.b.w.s.c.ServletWebServerApplicationContext : 292 ] - Root WebApplicationContext: initialization completed in 1577 ms
2022-06-28 17:05:42.319 [ main ] - [ INFO  ] [ org.apache.coyote.http11.Http11NioProtocol : 173 ] - Starting ProtocolHandler ["http-nio-8080"]
2022-06-28 17:05:42.337 [ main ] - [ INFO  ] [ o.s.boot.web.embedded.tomcat.TomcatWebServer : 220 ] - Tomcat started on port(s): 8080 (http) with context path ''
2022-06-28 17:05:42.347 [ main ] - [ INFO  ] [ com.hm.moc.shop.ShopApplication : 61 ] - Started ShopApplication in 3.299 seconds (JVM running for 4.595)
2022-06-28 17:05:44.817 [ http-nio-8080-exec-2 ] - [ INFO  ] [ o.a.c.core.ContainerBase.[Tomcat].[localhost].[/] : 173 ] - Initializing Spring DispatcherServlet 'dispatcherServlet'
2022-06-28 17:05:44.818 [ http-nio-8080-exec-2 ] - [ INFO  ] [ org.springframework.web.servlet.DispatcherServlet : 525 ] - Initializing Servlet 'dispatcherServlet'
2022-06-28 17:05:44.818 [ http-nio-8080-exec-2 ] - [ DEBUG ] [ org.springframework.web.servlet.DispatcherServlet : 520 ] - Detected StandardServletMultipartResolver
2022-06-28 17:05:44.819 [ http-nio-8080-exec-2 ] - [ DEBUG ] [ org.springframework.web.servlet.DispatcherServlet : 544 ] - Detected AcceptHeaderLocaleResolver
2022-06-28 17:05:44.819 [ http-nio-8080-exec-2 ] - [ DEBUG ] [ org.springframework.web.servlet.DispatcherServlet : 569 ] - Detected FixedThemeResolver
2022-06-28 17:05:44.820 [ http-nio-8080-exec-2 ] - [ DEBUG ] [ org.springframework.web.servlet.DispatcherServlet : 719 ] - Detected org.springframework.web.servlet.view.DefaultRequestToViewNameTranslator@76356bec
2022-06-28 17:05:44.820 [ http-nio-8080-exec-2 ] - [ DEBUG ] [ org.springframework.web.servlet.DispatcherServlet : 783 ] - Detected org.springframework.web.servlet.support.SessionFlashMapManager@40b436c
2022-06-28 17:05:44.820 [ http-nio-8080-exec-2 ] - [ DEBUG ] [ org.springframework.web.servlet.DispatcherServlet : 542 ] - enableLoggingRequestDetails='false': request parameters and headers will be masked to prevent unsafe logging of potentially sensitive data
2022-06-28 17:05:44.820 [ http-nio-8080-exec-2 ] - [ INFO  ] [ org.springframework.web.servlet.DispatcherServlet : 547 ] - Completed initialization in 2 ms
2022-06-28 17:05:44.829 [ http-nio-8080-exec-2 ] - [ DEBUG ] [ org.springframework.web.servlet.DispatcherServlet : 119 ] - GET "/menu", parameters={}
2022-06-28 17:05:44.881 [ http-nio-8080-exec-2 ] - [ DEBUG ] [ org.springframework.web.servlet.DispatcherServlet : 1131 ] - Completed 200 OK
